2025-12-03 11:28:23,321 - init - Ecuria - INFO - --------------------------------Démarrage du programme--------------------------------



2025-12-03 11:28:23,321 - init - Ecuria - INFO - Lecture des paramètres
2025-12-03 11:28:23,321 - init - Ecuria - INFO - Lecture du fichier cavalier pour le jour semaine
2025-12-03 11:28:23,321 - init - Ecuria - INFO - Lecture du fichier cavalier pour le jour mercredi
2025-12-03 11:28:23,323 - init - Ecuria - INFO - Lecture du fichier cavalier pour le jour samedi
2025-12-03 11:28:23,323 - init - Ecuria - INFO - Lecture du fichier de chevaux : parametre/liste_cheval_semaine.txt
2025-12-03 11:28:23,324 - init - Ecuria - INFO - Lecture du fichier de chevaux : parametre/liste_cheval.txt
2025-12-03 11:28:23,324 - init - Ecuria - DEBUG - dict_eleve {'Semaine': {'18H30 MARDI': [['TARA', 9]], '19H30 MARDI': [['KYKY', -1], ['TOM', 7]], '19H00 JEUDI': [], '20H00 JEUDI': [], '19H00 VENDREDI': [['TARA', -1]], '20H00 VENDREDI': [], '21H00 VENDREDI': []}, 'Mercredi': {'9H LENA': [['KYLLIAN', -1], ['TARA', 6]], '10H LENA': [['RAPHAELLE', -1], ['MAELLE', -1], ['MAEVA', -1], ['JULLIA', -1], ['HUGO', -1], ['JOHAN', -1], ['XCBNXC', 3]], '13H30 LENA': [['MIA', -1], ['NATHANAELLE', -1], ['ROSE', -1], ['ESTELLE', -1], ['LOU', -1], ['ILIADE', -1], ['LOUISE', -1]], '14H LENA': [['LOLA', -1], ['VICTOIRE', -1], ['LILA', -1], ['LEONIE', -1], ['JULIA', -1], ['NOA', -1], ['LAURA', -1], ['ELENA', -1]], '15H LENA': [['EMMY', -1], ['JOY', -1], ['LEA', -1], ['LOANE', -1], ['CELIA', -1], ['LYA', -1], ['ANNA ROSA', -1], ['MANON', -1]], '15H MANON': [['CHLOE', -1], ['AMBRE', -1], ['HANAE', -1], ['MAELIA', -1], ['JESSY', -1], ['CANDICE', -1], ['MARIE LOU', -1]], '16H LENA': [['LIHANNA', -1], ['ROMANE', -1], ['JULIETTE', -1], ['NINA T', -1], ['LOUNEA', -1], ['LAURA', -1], ['LOANE', -1], ['KIARA', -1], ['NINA S', -1]], '17H LENA': [['CHIARA', -1], ['SOFIA', -1], ['ANAIS', -1], ['ANNABELLE', -1], ['OCEANE', -1], ['TIMEO', -1], ['ZOE', -1], ['MARGARIDA', -1]], '17H MANON': [['EDEN', -1], ['LENA', -1], ['INAYA', -1], ['ANAIS', -1], ['NAHIA', -1], ['LUCIE', -1], ['ELEA', -1], ['CHIARA', -1], ['LISON', -1]], '18H LENA': [['LENA', -1], ['MANI TAO', -1], ['DIANE', -1], ['DOMITILLE', -1]], '18H MANON': [['ANNE SOPHIE', -1], ['GABY', -1], ['LOUANE', -1], ['LOLA', -1], ['STELLA', -1], ['CLEMENCE', -1], ['LEYA', -1], ['CAMILLE', -1], ['EMMY', -1]], '19H LENA': [['EMMA', -1], ['ERIC', -1], ['EMILIE B', -1], ['AMANDA', -1], ['AMANDINE', -1], ['EMILIE A', -1], ['JULIEN', -1], ['AMANDINE (Cï¿½LIA)', -1], ['COLINE', -1]]}, 'Samedi': {'9H30 L': [['MAILYS', -1], ['LILY', -1], ['JADE', -1], ['MARION', -1], ['CELIA FA', -1], ['CELIA SF', -1], ['CELIA FR', -1], ['KYLLIAN', 1]], '9H30 K': [], '10H30 L': [['LISA', -1], ['NOA', 4], ['LILA', -1], ['CLOE', -1], ['CLEMENT', -1], ['HELOISE', -1], ['LENA', -1], ['MAELINE', -1], ['MAHILYS', -1]], '10H30 K': [], '11H30 L': [['PIERRE', -1], ['GABIN', -1], ['VALENTINE', -1], ['PAUL', -1], ['QUENTIN', -1], ['CHLOE', -1], ['LOU', -1], ['MEYSSON', 2], ['JABAL', -1], ['ELLIE', -1]], '11H30 K': [], '12H00 L': [['ENZO', -1], ['OCEANE', -1], ['CLEMENCE', -1], ['SASHA', -1], ['ZACK', -1], ['CLARISSE', -1], ['MANON', -1], ['AMBRE', -1], ['LEELOU', -1]], '12H30 K': [], '13H00 K': [], '14H00 L': [['YANIS', -1], ['ANNA', -1], ['AELYS', -1], ['VALENTINE', -1], ['MAELYS', -1], ['MAELLE', -1], ['AMANDINE', -1], ['JULIEN', -1]], '14H00 K': [['LENA', -1]], '15H00 L': [['EMMA P', -1], ['LOUISE', -1], ['EMMA L', -1], ['ELINA', -1], ['LOANE', -1], ['GIULIA', -1], ['JULIE', -1], ['LEA', -1]], '16H00 K': [], '16H00 L': [['LANA', -1], ['LEXIE', -1], ['LEA', -1], ['MAEL', -1], ['MAYRA', -1], ['ANNA', -1]], '17H00 K': [], '17H00 L': [['ELISA', -1], ['ILONA', -1], ['MAEVA', -1], ['HANAE', -1], ['CHARLYNE', -1], ['CHARLINE', -1], ['THAIS', -1], ['ZELI', -1]], '18H00 K': []}}
2025-12-03 11:28:23,325 - init - Ecuria - DEBUG - dict_cheval {'Semaine': {'MANGO': [0, 0], 'SHAMIRA': [1, 0], 'RASTA': [2, 0], 'PEGASE': [3, 0], 'BALKIS': [4, 0], 'BALI': [5, 0], 'SINAI': [6, 0], 'CARA': [7, 0], 'SAMOURAI': [8, 0], 'FLICKA': [9, 0], 'ESPOIR': [10, 0], 'KID': [11, 0], 'DIESEL': [12, 0], 'SHEITAN': [13, 0], 'ETOILE': [14, 0], 'VASCO': [15, 0], 'DOMINO': [16, 0], 'BANZAI': [17, 0], 'ICHIBAI': [18, 0], 'ALTAI': [19, 0], 'JAZZY': [20, 0], 'CHOGUN': [21, 0], 'TANGO': [22, 0], 'HENDRICK': [23, 0], 'COTENTIN': [24, 0], 'ARKANSAS': [25, 0], 'EVER': [26, 0], 'TALIA': [27, 0], 'ULYSSE': [28, 0], 'TILA': [29, 0], 'WAR': [30, 0], 'ENZO': [31, 0], 'CANTO': [32, 0], 'GOLD': [33, 0], 'BABA': [34, 0], 'JAVA': [35, 0], 'PICKEUR': [36, 0], 'VALESCO': [37, 0], 'SACRA': [38, 0], 'BELLA': [39, 0], 'DENFER': [40, 0], 'FELINA': [41, 0], 'KABIL': [42, 0]}, 'Samedi': {'VIOLETTE': [0, 0], 'NEVA': [1, 0], 'BRIOSSO': [2, 0], 'SURPRISE': [3, 0], 'PEPITE': [4, 0], 'PANDA': [5, 0], 'PONPON': [6, 0], 'NUAGE': [7, 0], 'HOUSTON': [8, 0], 'REGLISSE': [9, 0], 'NAVARA': [10, 0], 'P. TONNERRE': [11, 0], 'GRISETTE': [12, 0], 'DANETTE': [13, 0], 'TIC': [14, 0], 'TAC': [15, 0], 'SEGOVIA': [16, 0], 'LITTLE': [17, 0], 'PAOLA': [18, 0], 'MANGO': [19, 0], 'SORBET': [20, 0], 'RASTA': [21, 0], 'PEGASE': [22, 0], 'BALKIS': [23, 0], 'BALI': [24, 0], 'CARA': [25, 0], 'SAMOURAI': [26, 0], 'FLICKA': [27, 0], 'BANZAI': [28, 0], 'KID': [29, 0], 'DIESEL': [30, 0], 'SHAMIRA': [31, 0], 'SINAI': [32, 0], 'ETOILE': [33, 0], 'VASCO': [34, 0], 'DOMINO': [35, 0], 'ESPOIR': [36, 0], 'JAZZY': [37, 0], 'ICHIBAI': [38, 0], 'CHOGUN': [39, 0], 'ALTAI': [40, 0], 'WAR': [41, 0], 'TALIA': [42, 0], 'TANGO': [43, 0], 'ICARE': [44, 0], 'ENZO': [45, 0], 'FGHFG': [46, 0]}, 'Mercredi': {'VIOLETTE': [0, 0], 'NEVA': [1, 0], 'BRIOSSO': [2, 0], 'SURPRISE': [3, 0], 'PEPITE': [4, 0], 'PANDA': [5, 0], 'PONPON': [6, 0], 'NUAGE': [7, 0], 'HOUSTON': [8, 0], 'REGLISSE': [9, 0], 'NAVARA': [10, 0], 'P. TONNERRE': [11, 0], 'GRISETTE': [12, 0], 'DANETTE': [13, 0], 'TIC': [14, 0], 'TAC': [15, 0], 'SEGOVIA': [16, 0], 'LITTLE': [17, 0], 'PAOLA': [18, 0], 'MANGO': [19, 0], 'SORBET': [20, 0], 'RASTA': [21, 0], 'PEGASE': [22, 0], 'BALKIS': [23, 0], 'BALI': [24, 0], 'CARA': [25, 0], 'SAMOURAI': [26, 0], 'FLICKA': [27, 0], 'BANZAI': [28, 0], 'KID': [29, 0], 'DIESEL': [30, 0], 'SHAMIRA': [31, 0], 'SINAI': [32, 0], 'ETOILE': [33, 0], 'VASCO': [34, 0], 'DOMINO': [35, 0], 'ESPOIR': [36, 0], 'JAZZY': [37, 0], 'ICHIBAI': [38, 0], 'CHOGUN': [39, 0], 'ALTAI': [40, 0], 'WAR': [41, 0], 'TALIA': [42, 0], 'TANGO': [43, 0], 'ICARE': [44, 0], 'ENZO': [45, 0], 'FGHFG': [46, 0]}}
2025-12-03 11:28:23,325 - init - Ecuria - INFO - Récupération de l'utilisateur courant depuis get_personne
2025-12-03 11:28:23,326 - admin - Ecuria - INFO - user admin
2025-12-03 11:28:23,326 - admin - Ecuria - INFO - Récupération des adresses e-mail depuis get_mail
2025-12-03 11:28:23,326 - admin - Ecuria - DEBUG - tableau ['aloykyllian31@gmail.com', 'delmaslena@gmail.com', 'delmasmanon@gmail.com']
2025-12-03 11:28:23,326 - admin - Ecuria - DEBUG - moniteur ['admin', 'Lena', 'Manon']
2025-12-03 11:28:23,551 - admin - Ecuria - DEBUG - taille de fenetre 1536 864
2025-12-03 11:28:23,552 - admin - Ecuria - INFO - Définition de l'image de fond : image/image_fond.png
2025-12-03 11:28:23,631 - admin - Ecuria - INFO - Ajout d'une image centrée : image/logo.png
2025-12-03 11:28:23,995 - admin - Ecuria - INFO - Mise à jour de l'interface pour le jour : Mercredi
2025-12-03 11:28:23,996 - admin - Ecuria - INFO - Remplissage de la listebox des chevaux
2025-12-03 11:28:23,997 - admin - Ecuria - INFO - Insertion des heures dans la listebox
2025-12-03 11:28:23,997 - admin - Ecuria - INFO - Visualisation du fichier cavalier
2025-12-03 11:28:24,010 - admin - Ftp - INFO - Connexion au serveur FTP 86.249.193.54
2025-12-03 11:28:24,029 - admin - Ftp - INFO - Déconnexion du serveur FTP
2025-12-03 11:28:24,030 - admin - Maj - INFO - Fichiers disponibles sur le FTP : ['ecuria 1.81.zip', 'ecuria 1.82.zip', 'ecuria 1.8.zip', 'ecuria 1.84.zip', 'ecuria 1.83.zip', 'ecuria 1.7.zip']
2025-12-03 11:28:24,030 - admin - Maj - INFO - Version la plus récente : 1.84
2025-12-03 11:28:24,030 - admin - Maj - INFO - Nom du fichier correspondant : ecuria 1.84.zip
2025-12-03 11:28:49,528 - admin - Ecuria - INFO - Récupération des données depuis un fichier Excel
2025-12-03 11:28:49,528 - admin - Ecuria - INFO - Réinitialisation de l'interface par défaut
2025-12-03 11:28:49,530 - admin - Ecuria - DEBUG - planning.liste_eleve {}
2025-12-03 11:28:49,530 - admin - Ecuria - DEBUG - planning.cheval {}
2025-12-03 11:28:49,530 - admin - Ecuria - INFO - Remplissage de la liste des heures
2025-12-03 11:29:21,994 - admin - Ecuria - DEBUG - name liste mercredi 10-12-2025.xlsx
2025-12-03 11:29:21,994 - admin - Ecuria - INFO - Extraction de la date du nom du fichier liste mercredi 10-12-2025.xlsx
2025-12-03 11:29:21,997 - admin - Ecuria - DEBUG - date 2025-12-10 00:00:00
2025-12-03 11:29:21,997 - admin - Ecuria - DEBUG - planning.liste_eleve {'9H LENA': [['KYLLIAN', -1], ['TARA', 6]], '10H LENA': [['RAPHAELLE', -1], ['MAELLE', -1], ['MAEVA', -1], ['JULLIA', -1], ['HUGO', -1], ['JOHAN', -1], ['XCBNXC', 3]], '13H30 LENA': [['MIA', -1], ['NATHANAELLE', -1], ['ROSE', -1], ['ESTELLE', -1], ['LOU', -1], ['ILIADE', -1], ['LOUISE', -1]], '14H LENA': [['LOLA', -1], ['VICTOIRE', -1], ['LILA', -1], ['LEONIE', -1], ['JULIA', -1], ['NOA', -1], ['LAURA', -1], ['ELENA', -1]], '15H LENA': [['EMMY', -1], ['JOY', -1], ['LEA', -1], ['LOANE', -1], ['CELIA', -1], ['LYA', -1], ['ANNA ROSA', -1], ['MANON', -1]], '15H MANON': [['CHLOE', -1], ['AMBRE', -1], ['HANAE', -1], ['MAELIA', -1], ['JESSY', -1], ['CANDICE', -1], ['MARIE LOU', -1]], '16H LENA': [['LIHANNA', -1], ['ROMANE', -1], ['JULIETTE', -1], ['NINA T', -1], ['LOUNEA', -1], ['LAURA', -1], ['LOANE', -1], ['KIARA', -1], ['NINA S', -1]], '17H LENA': [['CHIARA', -1], ['SOFIA', -1], ['ANAIS', -1], ['ANNABELLE', -1], ['OCEANE', -1], ['TIMEO', -1], ['ZOE', -1], ['MARGARIDA', -1]], '17H MANON': [['EDEN', -1], ['LENA', -1], ['INAYA', -1], ['ANAIS', -1], ['NAHIA', -1], ['LUCIE', -1], ['ELEA', -1], ['CHIARA', -1], ['LISON', -1]], '18H LENA': [['LENA', -1], ['MANI TAO', -1], ['DIANE', -1], ['DOMITILLE', -1]], '18H MANON': [['ANNE SOPHIE', -1], ['GABY', -1], ['LOUANE', -1], ['LOLA', -1], ['STELLA', -1], ['CLEMENCE', -1], ['LEYA', -1], ['CAMILLE', -1], ['EMMY', -1]], '19H LENA': [['EMMA', -1], ['ERIC', -1], ['EMILIE B', -1], ['AMANDA', -1], ['AMANDINE', -1], ['EMILIE A', -1], ['JULIEN', -1], ['AMANDINE (Cï¿½LIA)', -1], ['COLINE', -1]]}
2025-12-03 11:29:21,997 - admin - Ecuria - INFO - Récupération des données depuis le fichier Excel D:/propre/autre/projet/code/ecuria/liste mercredi/liste mercredi 10-12-2025.xlsx
2025-12-03 11:29:22,010 - admin - Ecuria - INFO - Remplissage des données des chevaux
2025-12-03 11:29:22,012 - admin - Ecuria - DEBUG - remplir_cheval    dict_chevaux {'VIOLETTE': [0, 0], 'NEVA': [1, 0], 'BRIOSSO': [2, 0], 'SURPRISE': [3, 0], 'PEPITE': [4, 0], 'PANDA': [5, 0], 'PONPON': [6, 0], 'NUAGE': [7, 0], 'HOUSTON': [8, 0], 'REGLISSE': [9, 0], 'NAVARA': [10, 0], 'P. TONNERRE': [11, 0], 'GRISETTE': [12, 0], 'DANETTE': [13, 0], 'TIC': [14, 0], 'TAC': [15, 0], 'SEGOVIA': [16, 0], 'LITTLE': [17, 0], 'PAOLA': [18, 0], 'MANGO': [19, 0], 'SORBET': [20, 0], 'RASTA': [21, 0], 'PEGASE': [22, 0], 'BALKIS': [23, 0], 'BALI': [24, 0], 'CARA': [25, 0], 'SAMOURAI': [26, 0], 'FLICKA': [27, 0], 'BANZAI': [28, 0], 'KID': [29, 0], 'DIESEL': [30, 0], 'SHAMIRA': [31, 0], 'SINAI': [32, 0], 'ETOILE': [33, 0], 'VASCO': [34, 0], 'DOMINO': [35, 0], 'ESPOIR': [36, 0], 'JAZZY': [37, 0], 'ICHIBAI': [38, 0], 'CHOGUN': [39, 0], 'ALTAI': [40, 0], 'WAR': [41, 0], 'TALIA': [42, 0], 'TANGO': [43, 0], 'ICARE': [44, 0], 'ENZO': [45, 0], 'FGHFG': [46, 0]}
2025-12-03 11:29:22,012 - admin - Ecuria - INFO - Affichage du planning pour le jour Mercredi
2025-12-03 11:29:22,013 - admin - Ecuria - INFO - Extraction de la date du nom du fichier liste mercredi 01-10-2025.xlsx
2025-12-03 11:29:22,013 - admin - Ecuria - INFO - Extraction de la date du nom du fichier liste mercredi 03-04-2024.xlsx
2025-12-03 11:29:22,013 - admin - Ecuria - INFO - Extraction de la date du nom du fichier liste mercredi 03-12-2025.xlsx
2025-12-03 11:29:22,013 - admin - Ecuria - INFO - Extraction de la date du nom du fichier liste mercredi 04-10-2023.xlsx
2025-12-03 11:29:22,014 - admin - Ecuria - INFO - Extraction de la date du nom du fichier liste mercredi 05-03-2025.xlsx
2025-12-03 11:29:22,014 - admin - Ecuria - INFO - Extraction de la date du nom du fichier liste mercredi 06-03-2024.xlsx
2025-12-03 11:29:22,014 - admin - Ecuria - INFO - Extraction de la date du nom du fichier liste mercredi 10-12-2025.xlsx
2025-12-03 11:29:22,014 - admin - Ecuria - INFO - Extraction de la date du nom du fichier liste mercredi 11-10-2023.xlsx
2025-12-03 11:29:22,014 - admin - Ecuria - INFO - Extraction de la date du nom du fichier liste mercredi 13-03-2024.xlsx
2025-12-03 11:29:22,014 - admin - Ecuria - INFO - Extraction de la date du nom du fichier liste mercredi 17-09-2025.xlsx
2025-12-03 11:29:22,014 - admin - Ecuria - INFO - Extraction de la date du nom du fichier liste mercredi 18-10-2023.xlsx
2025-12-03 11:29:22,015 - admin - Ecuria - INFO - Extraction de la date du nom du fichier liste mercredi 20-09-2023.xlsx
2025-12-03 11:29:22,015 - admin - Ecuria - INFO - Extraction de la date du nom du fichier liste mercredi 27-03-2024.xlsx
2025-12-03 11:29:22,015 - admin - Ecuria - INFO - Extraction de la date du nom du fichier liste mercredi 27-09-2023.xlsx
2025-12-03 11:29:22,015 - admin - Ecuria - INFO - Extraction de la date du nom du fichier liste mercredi 27-12-2023.xlsx
2025-12-03 11:29:22,015 - admin - Ecuria - INFO - Extraction de la date du nom du fichier liste mercredi 30-04-2025.xlsx
2025-12-03 11:29:22,015 - admin - Ecuria - INFO - Tri des fichiers par date
2025-12-03 11:29:22,016 - admin - Ecuria - DEBUG - liste [('liste mercredi 10-12-2025.xlsx', datetime.datetime(2025, 12, 10, 0, 0)), ('liste mercredi 03-12-2025.xlsx', datetime.datetime(2025, 12, 3, 0, 0)), ('liste mercredi 01-10-2025.xlsx', datetime.datetime(2025, 10, 1, 0, 0)), ('liste mercredi 17-09-2025.xlsx', datetime.datetime(2025, 9, 17, 0, 0)), ('liste mercredi 30-04-2025.xlsx', datetime.datetime(2025, 4, 30, 0, 0)), ('liste mercredi 05-03-2025.xlsx', datetime.datetime(2025, 3, 5, 0, 0)), ('liste mercredi 03-04-2024.xlsx', datetime.datetime(2024, 4, 3, 0, 0)), ('liste mercredi 27-03-2024.xlsx', datetime.datetime(2024, 3, 27, 0, 0)), ('liste mercredi 13-03-2024.xlsx', datetime.datetime(2024, 3, 13, 0, 0)), ('liste mercredi 06-03-2024.xlsx', datetime.datetime(2024, 3, 6, 0, 0)), ('liste mercredi 27-12-2023.xlsx', datetime.datetime(2023, 12, 27, 0, 0)), ('liste mercredi 18-10-2023.xlsx', datetime.datetime(2023, 10, 18, 0, 0)), ('liste mercredi 11-10-2023.xlsx', datetime.datetime(2023, 10, 11, 0, 0)), ('liste mercredi 04-10-2023.xlsx', datetime.datetime(2023, 10, 4, 0, 0)), ('liste mercredi 27-09-2023.xlsx', datetime.datetime(2023, 9, 27, 0, 0)), ('liste mercredi 20-09-2023.xlsx', datetime.datetime(2023, 9, 20, 0, 0))]
2025-12-03 11:29:22,016 - admin - Ecuria - DEBUG - selected_ind 0
2025-12-03 11:29:22,016 - admin - Ecuria - DEBUG - nb_fichier 4
2025-12-03 11:29:22,016 - admin - Ecuria - DEBUG - liste ['liste mercredi 03-12-2025.xlsx', 'liste mercredi 01-10-2025.xlsx', 'liste mercredi 17-09-2025.xlsx']
2025-12-03 11:29:22,016 - admin - Ecuria - INFO - Récupération des données depuis le fichier Excel D:/propre/autre/projet/code/ecuria/liste mercredi/liste mercredi 03-12-2025.xlsx
2025-12-03 11:29:22,029 - admin - Ecuria - INFO - Récupération des données depuis le fichier Excel D:/propre/autre/projet/code/ecuria/liste mercredi/liste mercredi 01-10-2025.xlsx
2025-12-03 11:29:22,042 - admin - Ecuria - INFO - Récupération des données depuis le fichier Excel D:/propre/autre/projet/code/ecuria/liste mercredi/liste mercredi 17-09-2025.xlsx
2025-12-03 11:29:23,187 - admin - Ecuria - DEBUG - Fichier liste mercredi 10-12-2025.xlsx chargé avec succès.
2025-12-03 11:29:23,188 - admin - Ecuria - INFO - Remplissage de la liste des heures
2025-12-03 11:29:23,188 - admin - Ecuria - INFO - Ajout des chevaux dans la listebox
2025-12-03 11:29:23,189 - admin - Ecuria - INFO - Changement de l'heure de la cellule à 9H LENA
2025-12-03 11:29:23,189 - admin - Ecuria - INFO - Changement de l'heure pour la cellule à 9H LENA
2025-12-03 11:29:23,189 - admin - Ecuria - INFO - Ajout des élèves pour l'heure 9H LENA
2025-12-03 11:29:23,189 - admin - Ecuria - INFO - Vidage de la listebox
2025-12-03 11:29:23,189 - admin - Ecuria - INFO - Insertion de l'élève ['KYLLIAN', -1] dans la listebox
2025-12-03 11:29:23,189 - admin - Ecuria - INFO - Insertion de l'élève ['TARA', 6] dans la listebox
2025-12-03 11:29:23,190 - admin - Ecuria - INFO - Coloration des chevaux en fonction de leur disponibilité
2025-12-03 11:29:23,190 - admin - Ecuria - INFO - Coloration des chevaux en fonction des élèves présents à l'heure 9H LENA
2025-12-03 11:29:24,261 - admin - Ecuria - INFO - Définition de l'heure suivante pour la cellule
2025-12-03 11:29:24,262 - admin - Ecuria - INFO - Changement de l'heure pour la cellule à 10H LENA
2025-12-03 11:29:24,262 - admin - Ecuria - INFO - Ajout des élèves pour l'heure 10H LENA
2025-12-03 11:29:24,262 - admin - Ecuria - INFO - Vidage de la listebox
2025-12-03 11:29:24,262 - admin - Ecuria - INFO - Insertion de l'élève ['RAPHAELLE', -1] dans la listebox
2025-12-03 11:29:24,262 - admin - Ecuria - INFO - Insertion de l'élève ['MAELLE', -1] dans la listebox
2025-12-03 11:29:24,263 - admin - Ecuria - INFO - Insertion de l'élève ['MAEVA', -1] dans la listebox
2025-12-03 11:29:24,263 - admin - Ecuria - INFO - Insertion de l'élève ['JULLIA', -1] dans la listebox
2025-12-03 11:29:24,263 - admin - Ecuria - INFO - Insertion de l'élève ['HUGO', -1] dans la listebox
2025-12-03 11:29:24,263 - admin - Ecuria - INFO - Insertion de l'élève ['JOHAN', -1] dans la listebox
2025-12-03 11:29:24,263 - admin - Ecuria - INFO - Insertion de l'élève ['XCBNXC', 3] dans la listebox
2025-12-03 11:29:24,264 - admin - Ecuria - INFO - Coloration des chevaux en fonction de leur disponibilité
2025-12-03 11:29:24,264 - admin - Ecuria - INFO - Coloration des chevaux en fonction des élèves présents à l'heure 10H LENA
2025-12-03 11:29:24,429 - admin - Ecuria - INFO - Définition de l'heure suivante pour la cellule
2025-12-03 11:29:24,429 - admin - Ecuria - INFO - Changement de l'heure pour la cellule à 13H30 LENA
2025-12-03 11:29:24,429 - admin - Ecuria - INFO - Ajout des élèves pour l'heure 13H30 LENA
2025-12-03 11:29:24,429 - admin - Ecuria - INFO - Vidage de la listebox
2025-12-03 11:29:24,430 - admin - Ecuria - INFO - Insertion de l'élève ['MIA', -1] dans la listebox
2025-12-03 11:29:24,430 - admin - Ecuria - INFO - Insertion de l'élève ['NATHANAELLE', -1] dans la listebox
2025-12-03 11:29:24,430 - admin - Ecuria - INFO - Insertion de l'élève ['ROSE', -1] dans la listebox
2025-12-03 11:29:24,430 - admin - Ecuria - INFO - Insertion de l'élève ['ESTELLE', -1] dans la listebox
2025-12-03 11:29:24,431 - admin - Ecuria - INFO - Insertion de l'élève ['LOU', -1] dans la listebox
2025-12-03 11:29:24,431 - admin - Ecuria - INFO - Insertion de l'élève ['ILIADE', -1] dans la listebox
2025-12-03 11:29:24,431 - admin - Ecuria - INFO - Insertion de l'élève ['LOUISE', -1] dans la listebox
2025-12-03 11:29:24,431 - admin - Ecuria - INFO - Coloration des chevaux en fonction de leur disponibilité
2025-12-03 11:29:24,431 - admin - Ecuria - INFO - Coloration des chevaux en fonction des élèves présents à l'heure 13H30 LENA
2025-12-03 11:29:24,566 - admin - Ecuria - INFO - Définition de l'heure suivante pour la cellule
2025-12-03 11:29:24,567 - admin - Ecuria - INFO - Changement de l'heure pour la cellule à 14H LENA
2025-12-03 11:29:24,567 - admin - Ecuria - INFO - Ajout des élèves pour l'heure 14H LENA
2025-12-03 11:29:24,567 - admin - Ecuria - INFO - Vidage de la listebox
2025-12-03 11:29:24,567 - admin - Ecuria - INFO - Insertion de l'élève ['LOLA', -1] dans la listebox
2025-12-03 11:29:24,568 - admin - Ecuria - INFO - Insertion de l'élève ['VICTOIRE', -1] dans la listebox
2025-12-03 11:29:24,568 - admin - Ecuria - INFO - Insertion de l'élève ['LILA', -1] dans la listebox
2025-12-03 11:29:24,568 - admin - Ecuria - INFO - Insertion de l'élève ['LEONIE', -1] dans la listebox
2025-12-03 11:29:24,568 - admin - Ecuria - INFO - Insertion de l'élève ['JULIA', -1] dans la listebox
2025-12-03 11:29:24,568 - admin - Ecuria - INFO - Insertion de l'élève ['NOA', -1] dans la listebox
2025-12-03 11:29:24,569 - admin - Ecuria - INFO - Insertion de l'élève ['LAURA', -1] dans la listebox
2025-12-03 11:29:24,569 - admin - Ecuria - INFO - Insertion de l'élève ['ELENA', -1] dans la listebox
2025-12-03 11:29:24,569 - admin - Ecuria - INFO - Coloration des chevaux en fonction de leur disponibilité
2025-12-03 11:29:24,569 - admin - Ecuria - INFO - Coloration des chevaux en fonction des élèves présents à l'heure 14H LENA
2025-12-03 11:29:24,684 - admin - Ecuria - INFO - Définition de l'heure suivante pour la cellule
2025-12-03 11:29:24,684 - admin - Ecuria - INFO - Changement de l'heure pour la cellule à 15H LENA
2025-12-03 11:29:24,684 - admin - Ecuria - INFO - Ajout des élèves pour l'heure 15H LENA
2025-12-03 11:29:24,685 - admin - Ecuria - INFO - Vidage de la listebox
2025-12-03 11:29:24,685 - admin - Ecuria - INFO - Insertion de l'élève ['EMMY', -1] dans la listebox
2025-12-03 11:29:24,685 - admin - Ecuria - INFO - Insertion de l'élève ['JOY', -1] dans la listebox
2025-12-03 11:29:24,685 - admin - Ecuria - INFO - Insertion de l'élève ['LEA', -1] dans la listebox
2025-12-03 11:29:24,686 - admin - Ecuria - INFO - Insertion de l'élève ['LOANE', -1] dans la listebox
2025-12-03 11:29:24,686 - admin - Ecuria - INFO - Insertion de l'élève ['CELIA', -1] dans la listebox
2025-12-03 11:29:24,686 - admin - Ecuria - INFO - Insertion de l'élève ['LYA', -1] dans la listebox
2025-12-03 11:29:24,686 - admin - Ecuria - INFO - Insertion de l'élève ['ANNA ROSA', -1] dans la listebox
2025-12-03 11:29:24,686 - admin - Ecuria - INFO - Insertion de l'élève ['MANON', -1] dans la listebox
2025-12-03 11:29:24,686 - admin - Ecuria - INFO - Coloration des chevaux en fonction de leur disponibilité
2025-12-03 11:29:24,687 - admin - Ecuria - INFO - Coloration des chevaux en fonction des élèves présents à l'heure 15H LENA
2025-12-03 11:29:25,100 - admin - Ecuria - INFO - Sélection d'un élève : CELIA
2025-12-03 11:29:25,101 - admin - Ecuria - DEBUG - cellule.eleve CELIA
2025-12-03 11:29:25,102 - admin - Ecuria - INFO - Coloration des chevaux en fonction de leur disponibilité
2025-12-03 11:29:25,103 - admin - Ecuria - INFO - Coloration des chevaux anciens en fonction de leur disponibilité
2025-12-03 11:29:25,103 - admin - Ecuria - INFO - Coloration des chevaux en fonction des élèves présents à l'heure 15H LENA
2025-12-03 11:29:25,929 - admin - Ecuria - INFO - Sélection d'un cheval : (0, 'GRISETTE')
2025-12-03 11:29:25,929 - admin - Ecuria - INFO - Insertion des heures de travail pour le cheval GRISETTE
2025-12-03 11:29:25,930 - admin - Ecuria - INFO - Vidage de la listebox
2025-12-03 11:29:26,727 - admin - Ecuria - INFO - Ajout d'une cellule au planning pour le cheval GRISETTE à l'heure 15H LENA
2025-12-03 11:29:26,728 - admin - Ecuria - DEBUG - bg_color white
2025-12-03 11:29:26,728 - admin - Ecuria - INFO - Coloration de l'élève à l'index 4 en rouge
2025-12-03 11:29:26,728 - admin - Ecuria - INFO - Ajout du cheval GRISETTE à l'index (12,)
2025-12-03 11:29:26,729 - admin - Ecuria - INFO - Affichage du planning pour le jour Mercredi
2025-12-03 11:29:26,729 - admin - Ecuria - INFO - Coloration des chevaux en fonction des élèves présents à l'heure 15H LENA
2025-12-03 11:29:26,729 - admin - Ecuria - INFO - Insertion des heures de travail pour le cheval GRISETTE
2025-12-03 11:29:26,729 - admin - Ecuria - INFO - Vidage de la listebox
2025-12-03 11:29:26,730 - admin - Ecuria - INFO - Ajout à l'historique : ajout ('15H LENA', 'GRISETTE', 'CELIA')
2025-12-03 11:29:27,177 - admin - Ecuria - INFO - Enregistrement des données dans le fichier Excel D:/propre/autre/projet/code/ecuria/liste mercredi/liste mercredi 10-12-2025.xlsx
2025-12-03 11:29:27,185 - admin - Ecuria - DEBUG - plannning.liste_heure {'20H MANON': 14, '19H LENA': 13, '18H KARINE': 12, '18H LENA': 11, '17H KARINE': 10, '17H LENA': 9, '16H LENA': 8, '15H KARINE': 7, '15H LENA': 6, '14H LENA': 5, '13H30 LENA': 4, '10H LENA': 3, '9H LENA': 2}
2025-12-03 11:29:27,186 - admin - Ecuria - DEBUG - liste_cheval ['VIOLETTE', 'NEVA', 'BRIOSSO', 'SURPRISE', 'PEPITE', 'PANDA', 'PONPON', 'NUAGE', 'HOUSTON', 'REGLISSE', 'NAVARA', 'P. TONNERRE', 'GRISETTE', 'DANETTE', 'TIC', 'TAC', 'SEGOVIA', 'LITTLE', 'PAOLA', 'MANGO', 'SORBET', 'RASTA', 'PEGASE', 'BALKIS', 'BALI', 'CARA', 'SAMOURAI', 'FLICKA', 'BANZAI', 'KID', 'DIESEL', 'SHAMIRA', 'SINAI', 'ETOILE', 'VASCO', 'DOMINO', 'ESPOIR', 'JAZZY', 'ICHIBAI', 'CHOGUN', 'ALTAI', 'WAR', 'TALIA', 'TANGO', 'ICARE', 'ENZO', 'FGHFG']
2025-12-03 11:29:27,186 - admin - Ecuria - DEBUG - planning_theme {}
2025-12-03 11:29:27,186 - admin - Ecuria - DEBUG - plannning.liste_heure {'9H LENA': 2, '10H LENA': 3, '13H30 LENA': 4, '14H LENA': 5, '15H LENA': 6, '15H MANON': 7, '16H LENA': 8, '17H LENA': 9, '17H MANON': 10, '18H LENA': 11, '18H MANON': 12, '19H LENA': 13}
2025-12-03 11:29:27,212 - admin - Ecuria - INFO - Lecture du fichier cavalier pour le jour Mercredi
2025-12-03 11:29:27,213 - admin - Ecuria - INFO - Écriture du fichier cavalier
2025-12-03 11:29:27,213 - admin - Ecuria - DEBUG - heure_trier ['9H LENA', '10H LENA', '13H30 LENA', '14H LENA', '15H LENA', '15H MANON', '16H LENA', '17H LENA', '17H MANON', '18H LENA', '18H MANON', '19H LENA']
2025-12-03 11:29:28,667 - admin - Ecuria - INFO - Ouverture du fichier Excel : D:/propre/autre/projet/code/ecuria/liste mercredi/liste mercredi 10-12-2025.xlsx
2025-12-03 11:29:38,710 - admin - Ecuria - INFO - Enregistrement des données dans le fichier Excel D:/propre/autre/projet/code/ecuria/liste mercredi/liste mercredi 10-12-2025.xlsx
2025-12-03 11:29:38,716 - admin - Ecuria - DEBUG - plannning.liste_heure {'9H LENA': 2, '10H LENA': 3, '13H30 LENA': 4, '14H LENA': 5, '15H LENA': 6, '15H MANON': 7, '16H LENA': 8, '17H LENA': 9, '17H MANON': 10, '18H LENA': 11, '18H MANON': 12, '19H LENA': 13}
2025-12-03 11:29:38,717 - admin - Ecuria - DEBUG - liste_cheval ['VIOLETTE', 'NEVA', 'BRIOSSO', 'SURPRISE', 'PEPITE', 'PANDA', 'PONPON', 'NUAGE', 'HOUSTON', 'REGLISSE', 'NAVARA', 'P. TONNERRE', 'GRISETTE', 'DANETTE', 'TIC', 'TAC', 'SEGOVIA', 'LITTLE', 'PAOLA', 'MANGO', 'SORBET', 'RASTA', 'PEGASE', 'BALKIS', 'BALI', 'CARA', 'SAMOURAI', 'FLICKA', 'BANZAI', 'KID', 'DIESEL', 'SHAMIRA', 'SINAI', 'ETOILE', 'VASCO', 'DOMINO', 'ESPOIR', 'JAZZY', 'ICHIBAI', 'CHOGUN', 'ALTAI', 'WAR', 'TALIA', 'TANGO', 'ICARE', 'ENZO', 'FGHFG']
2025-12-03 11:29:38,717 - admin - Ecuria - DEBUG - planning_theme {}
2025-12-03 11:29:38,717 - admin - Ecuria - DEBUG - plannning.liste_heure {'9H LENA': 2, '10H LENA': 3, '13H30 LENA': 4, '14H LENA': 5, '15H LENA': 6, '15H MANON': 7, '16H LENA': 8, '17H LENA': 9, '17H MANON': 10, '18H LENA': 11, '18H MANON': 12, '19H LENA': 13}
2025-12-03 11:29:38,740 - admin - Ecuria - INFO - Lecture du fichier cavalier pour le jour Mercredi
2025-12-03 11:29:38,741 - admin - Ecuria - INFO - Écriture du fichier cavalier
2025-12-03 11:29:38,741 - admin - Ecuria - DEBUG - heure_trier ['9H LENA', '10H LENA', '13H30 LENA', '14H LENA', '15H LENA', '15H MANON', '16H LENA', '17H LENA', '17H MANON', '18H LENA', '18H MANON', '19H LENA']
2025-12-03 11:29:39,876 - admin - Ecuria - INFO - Ouverture du fichier Excel : D:/propre/autre/projet/code/ecuria/liste mercredi/liste mercredi 10-12-2025.xlsx
2025-12-03 11:31:36,445 - init - Ecuria - INFO - --------------------------------Démarrage du programme--------------------------------



2025-12-03 11:31:36,447 - init - Ecuria - INFO - Lecture des paramètres
2025-12-03 11:31:36,447 - init - Ecuria - INFO - Lecture du fichier cavalier pour le jour semaine
2025-12-03 11:31:36,449 - init - Ecuria - INFO - Lecture du fichier cavalier pour le jour mercredi
2025-12-03 11:31:36,450 - init - Ecuria - INFO - Lecture du fichier cavalier pour le jour samedi
2025-12-03 11:31:36,450 - init - Ecuria - INFO - Lecture du fichier de chevaux : parametre/liste_cheval_semaine.txt
2025-12-03 11:31:36,451 - init - Ecuria - INFO - Lecture du fichier de chevaux : parametre/liste_cheval.txt
2025-12-03 11:31:36,451 - init - Ecuria - DEBUG - dict_eleve {'Semaine': {'18H30 MARDI': [['TARA', 9]], '19H30 MARDI': [['KYKY', -1], ['TOM', 7]], '19H00 JEUDI': [], '20H00 JEUDI': [], '19H00 VENDREDI': [['TARA', -1]], '20H00 VENDREDI': [], '21H00 VENDREDI': []}, 'Mercredi': {'9H LENA': [['KYLLIAN', -1], ['TARA', 6]], '10H LENA': [['RAPHAELLE', -1], ['MAELLE', -1], ['MAEVA', -1], ['JULLIA', -1], ['HUGO', -1], ['JOHAN', -1], ['XCBNXC', 3]], '13H30 LENA': [['MIA', -1], ['NATHANAELLE', -1], ['ROSE', -1], ['ESTELLE', -1], ['LOU', -1], ['ILIADE', -1], ['LOUISE', -1]], '14H LENA': [['LOLA', -1], ['VICTOIRE', -1], ['LILA', -1], ['LEONIE', -1], ['JULIA', -1], ['NOA', -1], ['LAURA', -1], ['ELENA', -1]], '15H LENA': [['EMMY', -1], ['JOY', -1], ['LEA', -1], ['LOANE', -1], ['CELIA', -1], ['LYA', -1], ['ANNA ROSA', -1], ['MANON', -1]], '15H MANON': [['CHLOE', -1], ['AMBRE', -1], ['HANAE', -1], ['MAELIA', -1], ['JESSY', -1], ['CANDICE', -1], ['MARIE LOU', -1]], '16H LENA': [['LIHANNA', -1], ['ROMANE', -1], ['JULIETTE', -1], ['NINA T', -1], ['LOUNEA', -1], ['LAURA', -1], ['LOANE', -1], ['KIARA', -1], ['NINA S', -1]], '17H LENA': [['CHIARA', -1], ['SOFIA', -1], ['ANAIS', -1], ['ANNABELLE', -1], ['OCEANE', -1], ['TIMEO', -1], ['ZOE', -1], ['MARGARIDA', -1]], '17H MANON': [['EDEN', -1], ['LENA', -1], ['INAYA', -1], ['ANAIS', -1], ['NAHIA', -1], ['LUCIE', -1], ['ELEA', -1], ['CHIARA', -1], ['LISON', -1]], '18H LENA': [['LENA', -1], ['MANI TAO', -1], ['DIANE', -1], ['DOMITILLE', -1]], '18H MANON': [['ANNE SOPHIE', -1], ['GABY', -1], ['LOUANE', -1], ['LOLA', -1], ['STELLA', -1], ['CLEMENCE', -1], ['LEYA', -1], ['CAMILLE', -1], ['EMMY', -1]], '19H LENA': [['EMMA', -1], ['ERIC', -1], ['EMILIE B', -1], ['AMANDA', -1], ['AMANDINE', -1], ['EMILIE A', -1], ['JULIEN', -1], ['AMANDINE (Cï¿½LIA)', -1], ['COLINE', -1]]}, 'Samedi': {'9H30 L': [['MAILYS', -1], ['LILY', -1], ['JADE', -1], ['MARION', -1], ['CELIA FA', -1], ['CELIA SF', -1], ['CELIA FR', -1], ['KYLLIAN', 1]], '9H30 K': [], '10H30 L': [['LISA', -1], ['NOA', 4], ['LILA', -1], ['CLOE', -1], ['CLEMENT', -1], ['HELOISE', -1], ['LENA', -1], ['MAELINE', -1], ['MAHILYS', -1]], '10H30 K': [], '11H30 L': [['PIERRE', -1], ['GABIN', -1], ['VALENTINE', -1], ['PAUL', -1], ['QUENTIN', -1], ['CHLOE', -1], ['LOU', -1], ['MEYSSON', 2], ['JABAL', -1], ['ELLIE', -1]], '11H30 K': [], '12H00 L': [['ENZO', -1], ['OCEANE', -1], ['CLEMENCE', -1], ['SASHA', -1], ['ZACK', -1], ['CLARISSE', -1], ['MANON', -1], ['AMBRE', -1], ['LEELOU', -1]], '12H30 K': [], '13H00 K': [], '14H00 L': [['YANIS', -1], ['ANNA', -1], ['AELYS', -1], ['VALENTINE', -1], ['MAELYS', -1], ['MAELLE', -1], ['AMANDINE', -1], ['JULIEN', -1]], '14H00 K': [['LENA', -1]], '15H00 L': [['EMMA P', -1], ['LOUISE', -1], ['EMMA L', -1], ['ELINA', -1], ['LOANE', -1], ['GIULIA', -1], ['JULIE', -1], ['LEA', -1]], '16H00 K': [], '16H00 L': [['LANA', -1], ['LEXIE', -1], ['LEA', -1], ['MAEL', -1], ['MAYRA', -1], ['ANNA', -1]], '17H00 K': [], '17H00 L': [['ELISA', -1], ['ILONA', -1], ['MAEVA', -1], ['HANAE', -1], ['CHARLYNE', -1], ['CHARLINE', -1], ['THAIS', -1], ['ZELI', -1]], '18H00 K': []}}
2025-12-03 11:31:36,452 - init - Ecuria - DEBUG - dict_cheval {'Semaine': {'MANGO': [0, 0], 'SHAMIRA': [1, 0], 'RASTA': [2, 0], 'PEGASE': [3, 0], 'BALKIS': [4, 0], 'BALI': [5, 0], 'SINAI': [6, 0], 'CARA': [7, 0], 'SAMOURAI': [8, 0], 'FLICKA': [9, 0], 'ESPOIR': [10, 0], 'KID': [11, 0], 'DIESEL': [12, 0], 'SHEITAN': [13, 0], 'ETOILE': [14, 0], 'VASCO': [15, 0], 'DOMINO': [16, 0], 'BANZAI': [17, 0], 'ICHIBAI': [18, 0], 'ALTAI': [19, 0], 'JAZZY': [20, 0], 'CHOGUN': [21, 0], 'TANGO': [22, 0], 'HENDRICK': [23, 0], 'COTENTIN': [24, 0], 'ARKANSAS': [25, 0], 'EVER': [26, 0], 'TALIA': [27, 0], 'ULYSSE': [28, 0], 'TILA': [29, 0], 'WAR': [30, 0], 'ENZO': [31, 0], 'CANTO': [32, 0], 'GOLD': [33, 0], 'BABA': [34, 0], 'JAVA': [35, 0], 'PICKEUR': [36, 0], 'VALESCO': [37, 0], 'SACRA': [38, 0], 'BELLA': [39, 0], 'DENFER': [40, 0], 'FELINA': [41, 0], 'KABIL': [42, 0]}, 'Samedi': {'VIOLETTE': [0, 0], 'NEVA': [1, 0], 'BRIOSSO': [2, 0], 'SURPRISE': [3, 0], 'PEPITE': [4, 0], 'PANDA': [5, 0], 'PONPON': [6, 0], 'NUAGE': [7, 0], 'HOUSTON': [8, 0], 'REGLISSE': [9, 0], 'NAVARA': [10, 0], 'P. TONNERRE': [11, 0], 'GRISETTE': [12, 0], 'DANETTE': [13, 0], 'TIC': [14, 0], 'TAC': [15, 0], 'SEGOVIA': [16, 0], 'LITTLE': [17, 0], 'PAOLA': [18, 0], 'MANGO': [19, 0], 'SORBET': [20, 0], 'RASTA': [21, 0], 'PEGASE': [22, 0], 'BALKIS': [23, 0], 'BALI': [24, 0], 'CARA': [25, 0], 'SAMOURAI': [26, 0], 'FLICKA': [27, 0], 'BANZAI': [28, 0], 'KID': [29, 0], 'DIESEL': [30, 0], 'SHAMIRA': [31, 0], 'SINAI': [32, 0], 'ETOILE': [33, 0], 'VASCO': [34, 0], 'DOMINO': [35, 0], 'ESPOIR': [36, 0], 'JAZZY': [37, 0], 'ICHIBAI': [38, 0], 'CHOGUN': [39, 0], 'ALTAI': [40, 0], 'WAR': [41, 0], 'TALIA': [42, 0], 'TANGO': [43, 0], 'ICARE': [44, 0], 'ENZO': [45, 0], 'FGHFG': [46, 0]}, 'Mercredi': {'VIOLETTE': [0, 0], 'NEVA': [1, 0], 'BRIOSSO': [2, 0], 'SURPRISE': [3, 0], 'PEPITE': [4, 0], 'PANDA': [5, 0], 'PONPON': [6, 0], 'NUAGE': [7, 0], 'HOUSTON': [8, 0], 'REGLISSE': [9, 0], 'NAVARA': [10, 0], 'P. TONNERRE': [11, 0], 'GRISETTE': [12, 0], 'DANETTE': [13, 0], 'TIC': [14, 0], 'TAC': [15, 0], 'SEGOVIA': [16, 0], 'LITTLE': [17, 0], 'PAOLA': [18, 0], 'MANGO': [19, 0], 'SORBET': [20, 0], 'RASTA': [21, 0], 'PEGASE': [22, 0], 'BALKIS': [23, 0], 'BALI': [24, 0], 'CARA': [25, 0], 'SAMOURAI': [26, 0], 'FLICKA': [27, 0], 'BANZAI': [28, 0], 'KID': [29, 0], 'DIESEL': [30, 0], 'SHAMIRA': [31, 0], 'SINAI': [32, 0], 'ETOILE': [33, 0], 'VASCO': [34, 0], 'DOMINO': [35, 0], 'ESPOIR': [36, 0], 'JAZZY': [37, 0], 'ICHIBAI': [38, 0], 'CHOGUN': [39, 0], 'ALTAI': [40, 0], 'WAR': [41, 0], 'TALIA': [42, 0], 'TANGO': [43, 0], 'ICARE': [44, 0], 'ENZO': [45, 0], 'FGHFG': [46, 0]}}
2025-12-03 11:31:36,452 - init - Ecuria - INFO - Récupération de l'utilisateur courant depuis get_personne
2025-12-03 11:31:36,452 - admin - Ecuria - INFO - user admin
2025-12-03 11:31:36,453 - admin - Ecuria - INFO - Récupération des adresses e-mail depuis get_mail
2025-12-03 11:31:36,453 - admin - Ecuria - DEBUG - tableau ['aloykyllian31@gmail.com', 'delmaslena@gmail.com', 'delmasmanon@gmail.com']
2025-12-03 11:31:36,453 - admin - Ecuria - DEBUG - moniteur ['admin', 'Lena', 'Manon']
2025-12-03 11:31:36,647 - admin - Ecuria - DEBUG - taille de fenetre 1536 864
2025-12-03 11:31:36,647 - admin - Ecuria - INFO - Définition de l'image de fond : image/image_fond.png
2025-12-03 11:31:36,724 - admin - Ecuria - INFO - Ajout d'une image centrée : image/logo.png
2025-12-03 11:31:37,030 - admin - Ecuria - INFO - Mise à jour de l'interface pour le jour : Mercredi
2025-12-03 11:31:37,030 - admin - Ecuria - INFO - Remplissage de la listebox des chevaux
2025-12-03 11:31:37,032 - admin - Ecuria - INFO - Insertion des heures dans la listebox
2025-12-03 11:31:37,032 - admin - Ecuria - INFO - Visualisation du fichier cavalier
2025-12-03 11:31:37,043 - admin - Ftp - INFO - Connexion au serveur FTP 86.249.193.54
2025-12-03 11:31:37,073 - admin - Ftp - INFO - Déconnexion du serveur FTP
2025-12-03 11:31:37,073 - admin - Maj - INFO - Fichiers disponibles sur le FTP : ['ecuria 1.81.zip', 'ecuria 1.82.zip', 'ecuria 1.8.zip', 'ecuria 1.84.zip', 'ecuria 1.83.zip', 'ecuria 1.7.zip']
2025-12-03 11:31:37,073 - admin - Maj - INFO - Version la plus récente : 1.84
2025-12-03 11:31:37,074 - admin - Maj - INFO - Nom du fichier correspondant : ecuria 1.84.zip
2025-12-03 11:31:39,706 - admin - Ecuria - INFO - Récupération des données depuis un fichier Excel
2025-12-03 11:31:39,707 - admin - Ecuria - INFO - Réinitialisation de l'interface par défaut
2025-12-03 11:31:39,709 - admin - Ecuria - DEBUG - planning.liste_eleve {}
2025-12-03 11:31:39,710 - admin - Ecuria - DEBUG - planning.cheval {}
2025-12-03 11:31:39,710 - admin - Ecuria - INFO - Remplissage de la liste des heures
2025-12-03 11:31:42,978 - admin - Ecuria - DEBUG - name liste mercredi 10-12-2025.xlsx
2025-12-03 11:31:42,978 - admin - Ecuria - INFO - Extraction de la date du nom du fichier liste mercredi 10-12-2025.xlsx
2025-12-03 11:31:42,984 - admin - Ecuria - DEBUG - date 2025-12-10 00:00:00
2025-12-03 11:31:42,984 - admin - Ecuria - DEBUG - planning.liste_eleve {'9H LENA': [['KYLLIAN', -1], ['TARA', 6]], '10H LENA': [['RAPHAELLE', -1], ['MAELLE', -1], ['MAEVA', -1], ['JULLIA', -1], ['HUGO', -1], ['JOHAN', -1], ['XCBNXC', 3]], '13H30 LENA': [['MIA', -1], ['NATHANAELLE', -1], ['ROSE', -1], ['ESTELLE', -1], ['LOU', -1], ['ILIADE', -1], ['LOUISE', -1]], '14H LENA': [['LOLA', -1], ['VICTOIRE', -1], ['LILA', -1], ['LEONIE', -1], ['JULIA', -1], ['NOA', -1], ['LAURA', -1], ['ELENA', -1]], '15H LENA': [['EMMY', -1], ['JOY', -1], ['LEA', -1], ['LOANE', -1], ['CELIA', -1], ['LYA', -1], ['ANNA ROSA', -1], ['MANON', -1]], '15H MANON': [['CHLOE', -1], ['AMBRE', -1], ['HANAE', -1], ['MAELIA', -1], ['JESSY', -1], ['CANDICE', -1], ['MARIE LOU', -1]], '16H LENA': [['LIHANNA', -1], ['ROMANE', -1], ['JULIETTE', -1], ['NINA T', -1], ['LOUNEA', -1], ['LAURA', -1], ['LOANE', -1], ['KIARA', -1], ['NINA S', -1]], '17H LENA': [['CHIARA', -1], ['SOFIA', -1], ['ANAIS', -1], ['ANNABELLE', -1], ['OCEANE', -1], ['TIMEO', -1], ['ZOE', -1], ['MARGARIDA', -1]], '17H MANON': [['EDEN', -1], ['LENA', -1], ['INAYA', -1], ['ANAIS', -1], ['NAHIA', -1], ['LUCIE', -1], ['ELEA', -1], ['CHIARA', -1], ['LISON', -1]], '18H LENA': [['LENA', -1], ['MANI TAO', -1], ['DIANE', -1], ['DOMITILLE', -1]], '18H MANON': [['ANNE SOPHIE', -1], ['GABY', -1], ['LOUANE', -1], ['LOLA', -1], ['STELLA', -1], ['CLEMENCE', -1], ['LEYA', -1], ['CAMILLE', -1], ['EMMY', -1]], '19H LENA': [['EMMA', -1], ['ERIC', -1], ['EMILIE B', -1], ['AMANDA', -1], ['AMANDINE', -1], ['EMILIE A', -1], ['JULIEN', -1], ['AMANDINE (Cï¿½LIA)', -1], ['COLINE', -1]]}
2025-12-03 11:31:42,985 - admin - Ecuria - INFO - Récupération des données depuis le fichier Excel D:/propre/autre/projet/code/ecuria/liste mercredi/liste mercredi 10-12-2025.xlsx
2025-12-03 11:31:43,010 - admin - Ecuria - INFO - Remplissage des données des chevaux
2025-12-03 11:31:43,011 - admin - Ecuria - DEBUG - remplir_cheval    dict_chevaux {'VIOLETTE': [0, 0], 'NEVA': [1, 0], 'BRIOSSO': [2, 0], 'SURPRISE': [3, 0], 'PEPITE': [4, 0], 'PANDA': [5, 0], 'PONPON': [6, 0], 'NUAGE': [7, 0], 'HOUSTON': [8, 0], 'REGLISSE': [9, 0], 'NAVARA': [10, 0], 'P. TONNERRE': [11, 0], 'GRISETTE': [12, 0], 'DANETTE': [13, 0], 'TIC': [14, 0], 'TAC': [15, 0], 'SEGOVIA': [16, 0], 'LITTLE': [17, 0], 'PAOLA': [18, 0], 'MANGO': [19, 0], 'SORBET': [20, 0], 'RASTA': [21, 0], 'PEGASE': [22, 0], 'BALKIS': [23, 0], 'BALI': [24, 0], 'CARA': [25, 0], 'SAMOURAI': [26, 0], 'FLICKA': [27, 0], 'BANZAI': [28, 0], 'KID': [29, 0], 'DIESEL': [30, 0], 'SHAMIRA': [31, 0], 'SINAI': [32, 0], 'ETOILE': [33, 0], 'VASCO': [34, 0], 'DOMINO': [35, 0], 'ESPOIR': [36, 0], 'JAZZY': [37, 0], 'ICHIBAI': [38, 0], 'CHOGUN': [39, 0], 'ALTAI': [40, 0], 'WAR': [41, 0], 'TALIA': [42, 0], 'TANGO': [43, 0], 'ICARE': [44, 0], 'ENZO': [45, 0], 'FGHFG': [46, 0]}
2025-12-03 11:31:43,011 - admin - Ecuria - INFO - Affichage du planning pour le jour Mercredi
2025-12-03 11:31:43,012 - admin - Ecuria - INFO - Extraction de la date du nom du fichier liste mercredi 01-10-2025.xlsx
2025-12-03 11:31:43,012 - admin - Ecuria - INFO - Extraction de la date du nom du fichier liste mercredi 03-04-2024.xlsx
2025-12-03 11:31:43,012 - admin - Ecuria - INFO - Extraction de la date du nom du fichier liste mercredi 03-12-2025.xlsx
2025-12-03 11:31:43,012 - admin - Ecuria - INFO - Extraction de la date du nom du fichier liste mercredi 04-10-2023.xlsx
2025-12-03 11:31:43,012 - admin - Ecuria - INFO - Extraction de la date du nom du fichier liste mercredi 05-03-2025.xlsx
2025-12-03 11:31:43,013 - admin - Ecuria - INFO - Extraction de la date du nom du fichier liste mercredi 06-03-2024.xlsx
2025-12-03 11:31:43,013 - admin - Ecuria - INFO - Extraction de la date du nom du fichier liste mercredi 10-12-2025.xlsx
2025-12-03 11:31:43,013 - admin - Ecuria - INFO - Extraction de la date du nom du fichier liste mercredi 11-10-2023.xlsx
2025-12-03 11:31:43,013 - admin - Ecuria - INFO - Extraction de la date du nom du fichier liste mercredi 13-03-2024.xlsx
2025-12-03 11:31:43,013 - admin - Ecuria - INFO - Extraction de la date du nom du fichier liste mercredi 17-09-2025.xlsx
2025-12-03 11:31:43,014 - admin - Ecuria - INFO - Extraction de la date du nom du fichier liste mercredi 18-10-2023.xlsx
2025-12-03 11:31:43,014 - admin - Ecuria - INFO - Extraction de la date du nom du fichier liste mercredi 20-09-2023.xlsx
2025-12-03 11:31:43,014 - admin - Ecuria - INFO - Extraction de la date du nom du fichier liste mercredi 27-03-2024.xlsx
2025-12-03 11:31:43,014 - admin - Ecuria - INFO - Extraction de la date du nom du fichier liste mercredi 27-09-2023.xlsx
2025-12-03 11:31:43,014 - admin - Ecuria - INFO - Extraction de la date du nom du fichier liste mercredi 27-12-2023.xlsx
2025-12-03 11:31:43,014 - admin - Ecuria - INFO - Extraction de la date du nom du fichier liste mercredi 30-04-2025.xlsx
2025-12-03 11:31:43,015 - admin - Ecuria - INFO - Tri des fichiers par date
2025-12-03 11:31:43,015 - admin - Ecuria - DEBUG - liste [('liste mercredi 10-12-2025.xlsx', datetime.datetime(2025, 12, 10, 0, 0)), ('liste mercredi 03-12-2025.xlsx', datetime.datetime(2025, 12, 3, 0, 0)), ('liste mercredi 01-10-2025.xlsx', datetime.datetime(2025, 10, 1, 0, 0)), ('liste mercredi 17-09-2025.xlsx', datetime.datetime(2025, 9, 17, 0, 0)), ('liste mercredi 30-04-2025.xlsx', datetime.datetime(2025, 4, 30, 0, 0)), ('liste mercredi 05-03-2025.xlsx', datetime.datetime(2025, 3, 5, 0, 0)), ('liste mercredi 03-04-2024.xlsx', datetime.datetime(2024, 4, 3, 0, 0)), ('liste mercredi 27-03-2024.xlsx', datetime.datetime(2024, 3, 27, 0, 0)), ('liste mercredi 13-03-2024.xlsx', datetime.datetime(2024, 3, 13, 0, 0)), ('liste mercredi 06-03-2024.xlsx', datetime.datetime(2024, 3, 6, 0, 0)), ('liste mercredi 27-12-2023.xlsx', datetime.datetime(2023, 12, 27, 0, 0)), ('liste mercredi 18-10-2023.xlsx', datetime.datetime(2023, 10, 18, 0, 0)), ('liste mercredi 11-10-2023.xlsx', datetime.datetime(2023, 10, 11, 0, 0)), ('liste mercredi 04-10-2023.xlsx', datetime.datetime(2023, 10, 4, 0, 0)), ('liste mercredi 27-09-2023.xlsx', datetime.datetime(2023, 9, 27, 0, 0)), ('liste mercredi 20-09-2023.xlsx', datetime.datetime(2023, 9, 20, 0, 0))]
2025-12-03 11:31:43,015 - admin - Ecuria - DEBUG - selected_ind 0
2025-12-03 11:31:43,015 - admin - Ecuria - DEBUG - nb_fichier 4
2025-12-03 11:31:43,015 - admin - Ecuria - DEBUG - liste ['liste mercredi 03-12-2025.xlsx', 'liste mercredi 01-10-2025.xlsx', 'liste mercredi 17-09-2025.xlsx']
2025-12-03 11:31:43,015 - admin - Ecuria - INFO - Récupération des données depuis le fichier Excel D:/propre/autre/projet/code/ecuria/liste mercredi/liste mercredi 03-12-2025.xlsx
2025-12-03 11:31:43,028 - admin - Ecuria - INFO - Récupération des données depuis le fichier Excel D:/propre/autre/projet/code/ecuria/liste mercredi/liste mercredi 01-10-2025.xlsx
2025-12-03 11:31:43,042 - admin - Ecuria - INFO - Récupération des données depuis le fichier Excel D:/propre/autre/projet/code/ecuria/liste mercredi/liste mercredi 17-09-2025.xlsx
2025-12-03 11:31:44,361 - admin - Ecuria - DEBUG - Fichier liste mercredi 10-12-2025.xlsx chargé avec succès.
2025-12-03 11:31:44,361 - admin - Ecuria - INFO - Remplissage de la liste des heures
2025-12-03 11:31:44,361 - admin - Ecuria - INFO - Ajout des chevaux dans la listebox
2025-12-03 11:31:44,362 - admin - Ecuria - INFO - Changement de l'heure de la cellule à 9H LENA
2025-12-03 11:31:44,363 - admin - Ecuria - INFO - Changement de l'heure pour la cellule à 9H LENA
2025-12-03 11:31:44,363 - admin - Ecuria - INFO - Ajout des élèves pour l'heure 9H LENA
2025-12-03 11:31:44,363 - admin - Ecuria - INFO - Vidage de la listebox
2025-12-03 11:31:44,363 - admin - Ecuria - INFO - Insertion de l'élève ['KYLLIAN', -1] dans la listebox
2025-12-03 11:31:44,363 - admin - Ecuria - INFO - Insertion de l'élève ['TARA', 6] dans la listebox
2025-12-03 11:31:44,363 - admin - Ecuria - INFO - Coloration des chevaux en fonction de leur disponibilité
2025-12-03 11:31:44,365 - admin - Ecuria - INFO - Coloration des chevaux en fonction des élèves présents à l'heure 9H LENA
2025-12-03 11:31:47,249 - admin - Ecuria - INFO - Ouverture du fichier Excel : D:/propre/autre/projet/code/ecuria/liste mercredi/liste mercredi 10-12-2025.xlsx
2025-12-03 11:31:55,888 - admin - Ecuria - INFO - Ouverture du fichier Excel : D:/propre/autre/projet/code/ecuria/liste mercredi/liste mercredi 10-12-2025.xlsx
2025-12-03 11:31:59,303 - admin - Ecuria - INFO - Définition de l'heure suivante pour la cellule
2025-12-03 11:31:59,303 - admin - Ecuria - INFO - Changement de l'heure pour la cellule à 10H LENA
2025-12-03 11:31:59,304 - admin - Ecuria - INFO - Ajout des élèves pour l'heure 10H LENA
2025-12-03 11:31:59,304 - admin - Ecuria - INFO - Vidage de la listebox
2025-12-03 11:31:59,304 - admin - Ecuria - INFO - Insertion de l'élève ['RAPHAELLE', -1] dans la listebox
2025-12-03 11:31:59,304 - admin - Ecuria - INFO - Insertion de l'élève ['MAELLE', -1] dans la listebox
2025-12-03 11:31:59,304 - admin - Ecuria - INFO - Insertion de l'élève ['MAEVA', -1] dans la listebox
2025-12-03 11:31:59,305 - admin - Ecuria - INFO - Insertion de l'élève ['JULLIA', -1] dans la listebox
2025-12-03 11:31:59,305 - admin - Ecuria - INFO - Insertion de l'élève ['HUGO', -1] dans la listebox
2025-12-03 11:31:59,305 - admin - Ecuria - INFO - Insertion de l'élève ['JOHAN', -1] dans la listebox
2025-12-03 11:31:59,305 - admin - Ecuria - INFO - Insertion de l'élève ['XCBNXC', 3] dans la listebox
2025-12-03 11:31:59,305 - admin - Ecuria - INFO - Coloration des chevaux en fonction de leur disponibilité
2025-12-03 11:31:59,306 - admin - Ecuria - INFO - Coloration des chevaux en fonction des élèves présents à l'heure 10H LENA
2025-12-03 11:31:59,460 - admin - Ecuria - INFO - Définition de l'heure suivante pour la cellule
2025-12-03 11:31:59,460 - admin - Ecuria - INFO - Changement de l'heure pour la cellule à 13H30 LENA
2025-12-03 11:31:59,460 - admin - Ecuria - INFO - Ajout des élèves pour l'heure 13H30 LENA
2025-12-03 11:31:59,461 - admin - Ecuria - INFO - Vidage de la listebox
2025-12-03 11:31:59,461 - admin - Ecuria - INFO - Insertion de l'élève ['MIA', -1] dans la listebox
2025-12-03 11:31:59,461 - admin - Ecuria - INFO - Insertion de l'élève ['NATHANAELLE', -1] dans la listebox
2025-12-03 11:31:59,461 - admin - Ecuria - INFO - Insertion de l'élève ['ROSE', -1] dans la listebox
2025-12-03 11:31:59,461 - admin - Ecuria - INFO - Insertion de l'élève ['ESTELLE', -1] dans la listebox
2025-12-03 11:31:59,462 - admin - Ecuria - INFO - Insertion de l'élève ['LOU', -1] dans la listebox
2025-12-03 11:31:59,462 - admin - Ecuria - INFO - Insertion de l'élève ['ILIADE', -1] dans la listebox
2025-12-03 11:31:59,462 - admin - Ecuria - INFO - Insertion de l'élève ['LOUISE', -1] dans la listebox
2025-12-03 11:31:59,462 - admin - Ecuria - INFO - Coloration des chevaux en fonction de leur disponibilité
2025-12-03 11:31:59,462 - admin - Ecuria - INFO - Coloration des chevaux en fonction des élèves présents à l'heure 13H30 LENA
2025-12-03 11:32:00,230 - admin - Ecuria - INFO - Sélection d'un élève : NATHANAELLE
2025-12-03 11:32:00,230 - admin - Ecuria - DEBUG - cellule.eleve NATHANAELLE
2025-12-03 11:32:00,232 - admin - Ecuria - INFO - Coloration des chevaux en fonction de leur disponibilité
2025-12-03 11:32:00,232 - admin - Ecuria - INFO - Coloration des chevaux anciens en fonction de leur disponibilité
2025-12-03 11:32:00,232 - admin - Ecuria - INFO - Coloration des chevaux en fonction des élèves présents à l'heure 13H30 LENA
2025-12-03 11:32:00,878 - admin - Ecuria - INFO - Sélection d'un cheval : (0, 'DANETTE')
2025-12-03 11:32:00,879 - admin - Ecuria - INFO - Insertion des heures de travail pour le cheval DANETTE
2025-12-03 11:32:00,879 - admin - Ecuria - INFO - Vidage de la listebox
2025-12-03 11:32:01,755 - admin - Ecuria - INFO - Ajout d'une cellule au planning pour le cheval DANETTE à l'heure 13H30 LENA
2025-12-03 11:32:01,756 - admin - Ecuria - DEBUG - bg_color white
2025-12-03 11:32:01,756 - admin - Ecuria - INFO - Coloration de l'élève à l'index 1 en rouge
2025-12-03 11:32:01,756 - admin - Ecuria - INFO - Ajout du cheval DANETTE à l'index (13,)
2025-12-03 11:32:01,756 - admin - Ecuria - INFO - Affichage du planning pour le jour Mercredi
2025-12-03 11:32:01,757 - admin - Ecuria - INFO - Coloration des chevaux en fonction des élèves présents à l'heure 13H30 LENA
2025-12-03 11:32:01,758 - admin - Ecuria - INFO - Insertion des heures de travail pour le cheval DANETTE
2025-12-03 11:32:01,758 - admin - Ecuria - INFO - Vidage de la listebox
2025-12-03 11:32:01,758 - admin - Ecuria - INFO - Ajout à l'historique : ajout ('13H30 LENA', 'DANETTE', 'NATHANAELLE')
2025-12-03 11:32:11,375 - admin - Ecuria - INFO - Ouverture du fichier Excel : D:/propre/autre/projet/code/ecuria/liste mercredi/liste mercredi 10-12-2025.xlsx
2025-12-03 11:32:16,607 - admin - Ecuria - INFO - Enregistrement des données dans le fichier Excel D:/propre/autre/projet/code/ecuria/liste mercredi/liste mercredi 10-12-2025.xlsx
2025-12-03 11:32:21,480 - admin - Ecuria - DEBUG - plannning.liste_heure {'20H MANON': 14, '19H LENA': 13, '18H KARINE': 12, '18H LENA': 11, '17H KARINE': 10, '17H LENA': 9, '16H LENA': 8, '15H KARINE': 7, '15H LENA': 6, '14H LENA': 5, '13H30 LENA': 4, '10H LENA': 3, '9H LENA': 2}
2025-12-03 11:32:21,657 - admin - Ecuria - DEBUG - liste_cheval ['VIOLETTE', 'NEVA', 'BRIOSSO', 'SURPRISE', 'PEPITE', 'PANDA', 'PONPON', 'NUAGE', 'HOUSTON', 'REGLISSE', 'NAVARA', 'P. TONNERRE', 'GRISETTE', 'DANETTE', 'TIC', 'TAC', 'SEGOVIA', 'LITTLE', 'PAOLA', 'MANGO', 'SORBET', 'RASTA', 'PEGASE', 'BALKIS', 'BALI', 'CARA', 'SAMOURAI', 'FLICKA', 'BANZAI', 'KID', 'DIESEL', 'SHAMIRA', 'SINAI', 'ETOILE', 'VASCO', 'DOMINO', 'ESPOIR', 'JAZZY', 'ICHIBAI', 'CHOGUN', 'ALTAI', 'WAR', 'TALIA', 'TANGO', 'ICARE', 'ENZO', 'FGHFG']
2025-12-03 11:32:21,824 - admin - Ecuria - DEBUG - planning_theme {}
2025-12-03 11:32:45,669 - admin - Ecuria - DEBUG - plannning.liste_heure {'9H LENA': 2, '10H LENA': 3, '13H30 LENA': 4, '14H LENA': 5, '15H LENA': 6, '15H MANON': 7, '16H LENA': 8, '17H LENA': 9, '17H MANON': 10, '18H LENA': 11, '18H MANON': 12, '19H LENA': 13}
2025-12-03 11:32:51,372 - admin - Ecuria - INFO - Ouverture du fichier Excel : D:/propre/autre/projet/code/ecuria/liste mercredi/liste mercredi 10-12-2025.xlsx
2025-12-03 11:49:41,202 - admin - Ecuria - INFO - Lecture du fichier cavalier pour le jour Mercredi
2025-12-03 11:49:41,204 - admin - Ecuria - INFO - Écriture du fichier cavalier
2025-12-03 11:49:41,205 - admin - Ecuria - DEBUG - heure_trier ['9H LENA', '10H LENA', '13H30 LENA', '14H LENA', '15H LENA', '15H MANON', '16H LENA', '17H LENA', '17H MANON', '18H LENA', '18H MANON', '19H LENA']
2025-12-03 11:49:45,273 - admin - Ecuria - INFO - Changement en mode paramètres
2025-12-03 11:49:45,274 - admin - Ecuria - INFO - Affichage de l'interface des paramètres
2025-12-03 11:49:45,306 - admin - Ecuria - INFO - Lecture des paramètres
2025-12-03 11:49:45,306 - admin - Ecuria - INFO - Lecture du fichier cavalier pour le jour semaine
2025-12-03 11:49:45,306 - admin - Ecuria - INFO - Lecture du fichier cavalier pour le jour mercredi
2025-12-03 11:49:45,307 - admin - Ecuria - INFO - Lecture du fichier cavalier pour le jour samedi
2025-12-03 11:49:45,307 - admin - Ecuria - INFO - Lecture du fichier de chevaux : parametre/liste_cheval_semaine.txt
2025-12-03 11:49:45,308 - admin - Ecuria - INFO - Lecture du fichier de chevaux : parametre/liste_cheval.txt
2025-12-03 11:49:45,308 - admin - Ecuria - DEBUG - dict_eleve {'Semaine': {'18H30 MARDI': [['TARA', 9]], '19H30 MARDI': [['KYKY', -1], ['TOM', 7]], '19H00 JEUDI': [], '20H00 JEUDI': [], '19H00 VENDREDI': [['TARA', -1]], '20H00 VENDREDI': [], '21H00 VENDREDI': []}, 'Mercredi': {'9H LENA': [['KYLLIAN', -1], ['TARA', 6]], '10H LENA': [['RAPHAELLE', -1], ['MAELLE', -1], ['MAEVA', -1], ['JULLIA', -1], ['HUGO', -1], ['JOHAN', -1], ['XCBNXC', 3]], '13H30 LENA': [['MIA', -1], ['NATHANAELLE', -1], ['ROSE', -1], ['ESTELLE', -1], ['LOU', -1], ['ILIADE', -1], ['LOUISE', -1]], '14H LENA': [['LOLA', -1], ['VICTOIRE', -1], ['LILA', -1], ['LEONIE', -1], ['JULIA', -1], ['NOA', -1], ['LAURA', -1], ['ELENA', -1]], '15H LENA': [['EMMY', -1], ['JOY', -1], ['LEA', -1], ['LOANE', -1], ['CELIA', -1], ['LYA', -1], ['ANNA ROSA', -1], ['MANON', -1]], '15H MANON': [['CHLOE', -1], ['AMBRE', -1], ['HANAE', -1], ['MAELIA', -1], ['JESSY', -1], ['CANDICE', -1], ['MARIE LOU', -1]], '16H LENA': [['LIHANNA', -1], ['ROMANE', -1], ['JULIETTE', -1], ['NINA T', -1], ['LOUNEA', -1], ['LAURA', -1], ['LOANE', -1], ['KIARA', -1], ['NINA S', -1]], '17H LENA': [['CHIARA', -1], ['SOFIA', -1], ['ANAIS', -1], ['ANNABELLE', -1], ['OCEANE', -1], ['TIMEO', -1], ['ZOE', -1], ['MARGARIDA', -1]], '17H MANON': [['EDEN', -1], ['LENA', -1], ['INAYA', -1], ['ANAIS', -1], ['NAHIA', -1], ['LUCIE', -1], ['ELEA', -1], ['CHIARA', -1], ['LISON', -1]], '18H LENA': [['LENA', -1], ['MANI TAO', -1], ['DIANE', -1], ['DOMITILLE', -1]], '18H MANON': [['ANNE SOPHIE', -1], ['GABY', -1], ['LOUANE', -1], ['LOLA', -1], ['STELLA', -1], ['CLEMENCE', -1], ['LEYA', -1], ['CAMILLE', -1], ['EMMY', -1]], '19H LENA': [['EMMA', -1], ['ERIC', -1], ['EMILIE B', -1], ['AMANDA', -1], ['AMANDINE', -1], ['EMILIE A', -1], ['JULIEN', -1], ['AMANDINE (Cï¿½LIA)', -1], ['COLINE', -1]]}, 'Samedi': {'9H30 L': [['MAILYS', -1], ['LILY', -1], ['JADE', -1], ['MARION', -1], ['CELIA FA', -1], ['CELIA SF', -1], ['CELIA FR', -1], ['KYLLIAN', 1]], '9H30 K': [], '10H30 L': [['LISA', -1], ['NOA', 4], ['LILA', -1], ['CLOE', -1], ['CLEMENT', -1], ['HELOISE', -1], ['LENA', -1], ['MAELINE', -1], ['MAHILYS', -1]], '10H30 K': [], '11H30 L': [['PIERRE', -1], ['GABIN', -1], ['VALENTINE', -1], ['PAUL', -1], ['QUENTIN', -1], ['CHLOE', -1], ['LOU', -1], ['MEYSSON', 2], ['JABAL', -1], ['ELLIE', -1]], '11H30 K': [], '12H00 L': [['ENZO', -1], ['OCEANE', -1], ['CLEMENCE', -1], ['SASHA', -1], ['ZACK', -1], ['CLARISSE', -1], ['MANON', -1], ['AMBRE', -1], ['LEELOU', -1]], '12H30 K': [], '13H00 K': [], '14H00 L': [['YANIS', -1], ['ANNA', -1], ['AELYS', -1], ['VALENTINE', -1], ['MAELYS', -1], ['MAELLE', -1], ['AMANDINE', -1], ['JULIEN', -1]], '14H00 K': [['LENA', -1]], '15H00 L': [['EMMA P', -1], ['LOUISE', -1], ['EMMA L', -1], ['ELINA', -1], ['LOANE', -1], ['GIULIA', -1], ['JULIE', -1], ['LEA', -1]], '16H00 K': [], '16H00 L': [['LANA', -1], ['LEXIE', -1], ['LEA', -1], ['MAEL', -1], ['MAYRA', -1], ['ANNA', -1]], '17H00 K': [], '17H00 L': [['ELISA', -1], ['ILONA', -1], ['MAEVA', -1], ['HANAE', -1], ['CHARLYNE', -1], ['CHARLINE', -1], ['THAIS', -1], ['ZELI', -1]], '18H00 K': []}}
2025-12-03 11:49:45,308 - admin - Ecuria - DEBUG - dict_cheval {'Semaine': {'MANGO': [0, 0], 'SHAMIRA': [1, 0], 'RASTA': [2, 0], 'PEGASE': [3, 0], 'BALKIS': [4, 0], 'BALI': [5, 0], 'SINAI': [6, 0], 'CARA': [7, 0], 'SAMOURAI': [8, 0], 'FLICKA': [9, 0], 'ESPOIR': [10, 0], 'KID': [11, 0], 'DIESEL': [12, 0], 'SHEITAN': [13, 0], 'ETOILE': [14, 0], 'VASCO': [15, 0], 'DOMINO': [16, 0], 'BANZAI': [17, 0], 'ICHIBAI': [18, 0], 'ALTAI': [19, 0], 'JAZZY': [20, 0], 'CHOGUN': [21, 0], 'TANGO': [22, 0], 'HENDRICK': [23, 0], 'COTENTIN': [24, 0], 'ARKANSAS': [25, 0], 'EVER': [26, 0], 'TALIA': [27, 0], 'ULYSSE': [28, 0], 'TILA': [29, 0], 'WAR': [30, 0], 'ENZO': [31, 0], 'CANTO': [32, 0], 'GOLD': [33, 0], 'BABA': [34, 0], 'JAVA': [35, 0], 'PICKEUR': [36, 0], 'VALESCO': [37, 0], 'SACRA': [38, 0], 'BELLA': [39, 0], 'DENFER': [40, 0], 'FELINA': [41, 0], 'KABIL': [42, 0]}, 'Samedi': {'VIOLETTE': [0, 0], 'NEVA': [1, 0], 'BRIOSSO': [2, 0], 'SURPRISE': [3, 0], 'PEPITE': [4, 0], 'PANDA': [5, 0], 'PONPON': [6, 0], 'NUAGE': [7, 0], 'HOUSTON': [8, 0], 'REGLISSE': [9, 0], 'NAVARA': [10, 0], 'P. TONNERRE': [11, 0], 'GRISETTE': [12, 0], 'DANETTE': [13, 1], 'TIC': [14, 0], 'TAC': [15, 0], 'SEGOVIA': [16, 0], 'LITTLE': [17, 0], 'PAOLA': [18, 0], 'MANGO': [19, 0], 'SORBET': [20, 0], 'RASTA': [21, 0], 'PEGASE': [22, 0], 'BALKIS': [23, 0], 'BALI': [24, 0], 'CARA': [25, 0], 'SAMOURAI': [26, 0], 'FLICKA': [27, 0], 'BANZAI': [28, 0], 'KID': [29, 0], 'DIESEL': [30, 0], 'SHAMIRA': [31, 0], 'SINAI': [32, 0], 'ETOILE': [33, 0], 'VASCO': [34, 0], 'DOMINO': [35, 0], 'ESPOIR': [36, 0], 'JAZZY': [37, 0], 'ICHIBAI': [38, 0], 'CHOGUN': [39, 0], 'ALTAI': [40, 0], 'WAR': [41, 0], 'TALIA': [42, 0], 'TANGO': [43, 0], 'ICARE': [44, 0], 'ENZO': [45, 0], 'FGHFG': [46, 0]}, 'Mercredi': {'VIOLETTE': [0, 0], 'NEVA': [1, 0], 'BRIOSSO': [2, 0], 'SURPRISE': [3, 0], 'PEPITE': [4, 0], 'PANDA': [5, 0], 'PONPON': [6, 0], 'NUAGE': [7, 0], 'HOUSTON': [8, 0], 'REGLISSE': [9, 0], 'NAVARA': [10, 0], 'P. TONNERRE': [11, 0], 'GRISETTE': [12, 0], 'DANETTE': [13, 1], 'TIC': [14, 0], 'TAC': [15, 0], 'SEGOVIA': [16, 0], 'LITTLE': [17, 0], 'PAOLA': [18, 0], 'MANGO': [19, 0], 'SORBET': [20, 0], 'RASTA': [21, 0], 'PEGASE': [22, 0], 'BALKIS': [23, 0], 'BALI': [24, 0], 'CARA': [25, 0], 'SAMOURAI': [26, 0], 'FLICKA': [27, 0], 'BANZAI': [28, 0], 'KID': [29, 0], 'DIESEL': [30, 0], 'SHAMIRA': [31, 0], 'SINAI': [32, 0], 'ETOILE': [33, 0], 'VASCO': [34, 0], 'DOMINO': [35, 0], 'ESPOIR': [36, 0], 'JAZZY': [37, 0], 'ICHIBAI': [38, 0], 'CHOGUN': [39, 0], 'ALTAI': [40, 0], 'WAR': [41, 0], 'TALIA': [42, 0], 'TANGO': [43, 0], 'ICARE': [44, 0], 'ENZO': [45, 0], 'FGHFG': [46, 0]}}
2025-12-03 11:49:45,309 - admin - Ecuria - INFO - Remplissage de la listebox des moniteurs
2025-12-03 11:49:47,995 - admin - Ecuria - INFO - Enregistrement des paramètres...
2025-12-03 11:49:47,996 - admin - Ecuria - INFO - Écriture du fichier cavalier
2025-12-03 11:49:47,996 - admin - Ecuria - DEBUG - heure_trier ['9H LENA', '10H LENA', '13H30 LENA', '14H LENA', '15H LENA', '15H MANON', '16H LENA', '17H LENA', '17H MANON', '18H LENA', '18H MANON', '19H LENA']
2025-12-03 11:49:47,997 - admin - Ecuria - INFO - Écriture du fichier cheval
2025-12-03 11:49:47,997 - admin - Ecuria - INFO - Visualisation du fichier cavalier
2025-12-03 11:49:47,998 - admin - Ecuria - DEBUG - enregistrer excel ref
2025-12-03 11:49:47,998 - admin - Ecuria - INFO - Début de la fonction ecrire_excel_ref pour le jour Mercredi
2025-12-03 11:49:48,010 - admin - Ecuria - DEBUG - ecrire_excel_ref    dict_cheval[jour] {'VIOLETTE': [0, 0], 'NEVA': [1, 0], 'BRIOSSO': [2, 0], 'SURPRISE': [3, 0], 'PEPITE': [4, 0], 'PANDA': [5, 0], 'PONPON': [6, 0], 'NUAGE': [7, 0], 'HOUSTON': [8, 0], 'REGLISSE': [9, 0], 'NAVARA': [10, 0], 'P. TONNERRE': [11, 0], 'GRISETTE': [12, 0], 'DANETTE': [13, 1], 'TIC': [14, 0], 'TAC': [15, 0], 'SEGOVIA': [16, 0], 'LITTLE': [17, 0], 'PAOLA': [18, 0], 'MANGO': [19, 0], 'SORBET': [20, 0], 'RASTA': [21, 0], 'PEGASE': [22, 0], 'BALKIS': [23, 0], 'BALI': [24, 0], 'CARA': [25, 0], 'SAMOURAI': [26, 0], 'FLICKA': [27, 0], 'BANZAI': [28, 0], 'KID': [29, 0], 'DIESEL': [30, 0], 'SHAMIRA': [31, 0], 'SINAI': [32, 0], 'ETOILE': [33, 0], 'VASCO': [34, 0], 'DOMINO': [35, 0], 'ESPOIR': [36, 0], 'JAZZY': [37, 0], 'ICHIBAI': [38, 0], 'CHOGUN': [39, 0], 'ALTAI': [40, 0], 'WAR': [41, 0], 'TALIA': [42, 0], 'TANGO': [43, 0], 'ICARE': [44, 0], 'ENZO': [45, 0], 'FGHFG': [46, 0]}
2025-12-03 11:49:48,131 - admin - Ecuria - INFO - Début de la fonction ecrire_excel_ref pour le jour Samedi
2025-12-03 11:49:48,140 - admin - Ecuria - DEBUG - ecrire_excel_ref    dict_cheval[jour] {'VIOLETTE': [0, 0], 'NEVA': [1, 0], 'BRIOSSO': [2, 0], 'SURPRISE': [3, 0], 'PEPITE': [4, 0], 'PANDA': [5, 0], 'PONPON': [6, 0], 'NUAGE': [7, 0], 'HOUSTON': [8, 0], 'REGLISSE': [9, 0], 'NAVARA': [10, 0], 'P. TONNERRE': [11, 0], 'GRISETTE': [12, 0], 'DANETTE': [13, 1], 'TIC': [14, 0], 'TAC': [15, 0], 'SEGOVIA': [16, 0], 'LITTLE': [17, 0], 'PAOLA': [18, 0], 'MANGO': [19, 0], 'SORBET': [20, 0], 'RASTA': [21, 0], 'PEGASE': [22, 0], 'BALKIS': [23, 0], 'BALI': [24, 0], 'CARA': [25, 0], 'SAMOURAI': [26, 0], 'FLICKA': [27, 0], 'BANZAI': [28, 0], 'KID': [29, 0], 'DIESEL': [30, 0], 'SHAMIRA': [31, 0], 'SINAI': [32, 0], 'ETOILE': [33, 0], 'VASCO': [34, 0], 'DOMINO': [35, 0], 'ESPOIR': [36, 0], 'JAZZY': [37, 0], 'ICHIBAI': [38, 0], 'CHOGUN': [39, 0], 'ALTAI': [40, 0], 'WAR': [41, 0], 'TALIA': [42, 0], 'TANGO': [43, 0], 'ICARE': [44, 0], 'ENZO': [45, 0], 'FGHFG': [46, 0]}
2025-12-03 11:49:48,286 - admin - Ecuria - INFO - Début de la fonction ecrire_excel_ref pour le jour Semaine
2025-12-03 11:49:48,292 - admin - Ecuria - DEBUG - ecrire_excel_ref    dict_cheval[jour] {'MANGO': [0, 0], 'SHAMIRA': [1, 0], 'RASTA': [2, 0], 'PEGASE': [3, 0], 'BALKIS': [4, 0], 'BALI': [5, 0], 'SINAI': [6, 0], 'CARA': [7, 0], 'SAMOURAI': [8, 0], 'FLICKA': [9, 0], 'ESPOIR': [10, 0], 'KID': [11, 0], 'DIESEL': [12, 0], 'SHEITAN': [13, 0], 'ETOILE': [14, 0], 'VASCO': [15, 0], 'DOMINO': [16, 0], 'BANZAI': [17, 0], 'ICHIBAI': [18, 0], 'ALTAI': [19, 0], 'JAZZY': [20, 0], 'CHOGUN': [21, 0], 'TANGO': [22, 0], 'HENDRICK': [23, 0], 'COTENTIN': [24, 0], 'ARKANSAS': [25, 0], 'EVER': [26, 0], 'TALIA': [27, 0], 'ULYSSE': [28, 0], 'TILA': [29, 0], 'WAR': [30, 0], 'ENZO': [31, 0], 'CANTO': [32, 0], 'GOLD': [33, 0], 'BABA': [34, 0], 'JAVA': [35, 0], 'PICKEUR': [36, 0], 'VALESCO': [37, 0], 'SACRA': [38, 0], 'BELLA': [39, 0], 'DENFER': [40, 0], 'FELINA': [41, 0], 'KABIL': [42, 0]}
2025-12-03 11:49:48,365 - admin - Ecuria - INFO - Sauvegarde des adresses mail des moniteurs
2025-12-03 11:49:49,664 - admin - Ecuria - DEBUG - Les paramètres ont été enregistrés avec succès.
2025-12-03 11:49:52,865 - admin - Ecuria - INFO - Ouverture du fichier Excel de référence
2025-12-03 11:49:52,865 - admin - Ecuria - DEBUG - parajour Mercredi
2025-12-03 11:50:00,557 - admin - Ecuria - INFO - Changement en mode par défaut
2025-12-03 11:50:00,557 - admin - Ecuria - INFO - Réinitialisation de l'interface par défaut
2025-12-03 11:50:00,579 - admin - Ecuria - INFO - Remplissage des données des chevaux
2025-12-03 11:50:00,579 - admin - Ecuria - DEBUG - remplir_cheval    dict_chevaux {'VIOLETTE': [0, 0], 'NEVA': [1, 0], 'BRIOSSO': [2, 0], 'SURPRISE': [3, 0], 'PEPITE': [4, 0], 'PANDA': [5, 0], 'PONPON': [6, 0], 'NUAGE': [7, 0], 'HOUSTON': [8, 0], 'REGLISSE': [9, 0], 'NAVARA': [10, 0], 'P. TONNERRE': [11, 0], 'GRISETTE': [12, 0], 'DANETTE': [13, 1], 'TIC': [14, 0], 'TAC': [15, 0], 'SEGOVIA': [16, 0], 'LITTLE': [17, 0], 'PAOLA': [18, 0], 'MANGO': [19, 0], 'SORBET': [20, 0], 'RASTA': [21, 0], 'PEGASE': [22, 0], 'BALKIS': [23, 0], 'BALI': [24, 0], 'CARA': [25, 0], 'SAMOURAI': [26, 0], 'FLICKA': [27, 0], 'BANZAI': [28, 0], 'KID': [29, 0], 'DIESEL': [30, 0], 'SHAMIRA': [31, 0], 'SINAI': [32, 0], 'ETOILE': [33, 0], 'VASCO': [34, 0], 'DOMINO': [35, 0], 'ESPOIR': [36, 0], 'JAZZY': [37, 0], 'ICHIBAI': [38, 0], 'CHOGUN': [39, 0], 'ALTAI': [40, 0], 'WAR': [41, 0], 'TALIA': [42, 0], 'TANGO': [43, 0], 'ICARE': [44, 0], 'ENZO': [45, 0], 'FGHFG': [46, 0]}
2025-12-03 11:50:00,580 - admin - Ecuria - INFO - Ajout des chevaux dans la listebox
2025-12-03 11:50:00,582 - admin - Ecuria - INFO - Coloration des chevaux en fonction de leur disponibilité
2025-12-03 11:50:00,582 - admin - Ecuria - INFO - Coloration des chevaux en fonction des élèves présents à l'heure 13H30 LENA
2025-12-03 11:50:00,582 - admin - Ecuria - INFO - Ajout des élèves pour l'heure 13H30 LENA
2025-12-03 11:50:00,582 - admin - Ecuria - INFO - Vidage de la listebox
2025-12-03 11:50:00,583 - admin - Ecuria - INFO - Insertion de l'élève ['MIA', -1] dans la listebox
2025-12-03 11:50:00,583 - admin - Ecuria - INFO - Insertion de l'élève ['NATHANAELLE', -1] dans la listebox
2025-12-03 11:50:00,584 - admin - Ecuria - INFO - Insertion de l'élève ['ROSE', -1] dans la listebox
2025-12-03 11:50:00,584 - admin - Ecuria - INFO - Insertion de l'élève ['ESTELLE', -1] dans la listebox
2025-12-03 11:50:00,584 - admin - Ecuria - INFO - Insertion de l'élève ['LOU', -1] dans la listebox
2025-12-03 11:50:00,584 - admin - Ecuria - INFO - Insertion de l'élève ['ILIADE', -1] dans la listebox
2025-12-03 11:50:00,584 - admin - Ecuria - INFO - Insertion de l'élève ['LOUISE', -1] dans la listebox
2025-12-03 11:50:00,584 - admin - Ecuria - DEBUG - planning.liste_eleve {'9H LENA': [['KYLLIAN', -1], ['TARA', 6]], '10H LENA': [['RAPHAELLE', -1], ['MAELLE', -1], ['MAEVA', -1], ['JULLIA', -1], ['HUGO', -1], ['JOHAN', -1], ['XCBNXC', 3]], '13H30 LENA': [['MIA', -1], ['NATHANAELLE', -1], ['ROSE', -1], ['ESTELLE', -1], ['LOU', -1], ['ILIADE', -1], ['LOUISE', -1]], '14H LENA': [['LOLA', -1], ['VICTOIRE', -1], ['LILA', -1], ['LEONIE', -1], ['JULIA', -1], ['NOA', -1], ['LAURA', -1], ['ELENA', -1]], '15H LENA': [['EMMY', -1], ['JOY', -1], ['LEA', -1], ['LOANE', -1], ['CELIA', -1], ['LYA', -1], ['ANNA ROSA', -1], ['MANON', -1]], '15H MANON': [['CHLOE', -1], ['AMBRE', -1], ['HANAE', -1], ['MAELIA', -1], ['JESSY', -1], ['CANDICE', -1], ['MARIE LOU', -1]], '16H LENA': [['LIHANNA', -1], ['ROMANE', -1], ['JULIETTE', -1], ['NINA T', -1], ['LOUNEA', -1], ['LAURA', -1], ['LOANE', -1], ['KIARA', -1], ['NINA S', -1]], '17H LENA': [['CHIARA', -1], ['SOFIA', -1], ['ANAIS', -1], ['ANNABELLE', -1], ['OCEANE', -1], ['TIMEO', -1], ['ZOE', -1], ['MARGARIDA', -1]], '17H MANON': [['EDEN', -1], ['LENA', -1], ['INAYA', -1], ['ANAIS', -1], ['NAHIA', -1], ['LUCIE', -1], ['ELEA', -1], ['CHIARA', -1], ['LISON', -1]], '18H LENA': [['LENA', -1], ['MANI TAO', -1], ['DIANE', -1], ['DOMITILLE', -1]], '18H MANON': [['ANNE SOPHIE', -1], ['GABY', -1], ['LOUANE', -1], ['LOLA', -1], ['STELLA', -1], ['CLEMENCE', -1], ['LEYA', -1], ['CAMILLE', -1], ['EMMY', -1]], '19H LENA': [['EMMA', -1], ['ERIC', -1], ['EMILIE B', -1], ['AMANDA', -1], ['AMANDINE', -1], ['EMILIE A', -1], ['JULIEN', -1], ['AMANDINE (Cï¿½LIA)', -1], ['COLINE', -1]]}
2025-12-03 11:50:00,585 - admin - Ecuria - DEBUG - planning.cheval {'VIOLETTE': [0, 0], 'NEVA': [1, 0], 'BRIOSSO': [2, 0], 'SURPRISE': [3, 0], 'PEPITE': [4, 0], 'PANDA': [5, 0], 'PONPON': [6, 0], 'NUAGE': [7, 0], 'HOUSTON': [8, 0], 'REGLISSE': [9, 0], 'NAVARA': [10, 0], 'P. TONNERRE': [11, 0], 'GRISETTE': [12, 0], 'DANETTE': [13, 1], 'TIC': [14, 0], 'TAC': [15, 0], 'SEGOVIA': [16, 0], 'LITTLE': [17, 0], 'PAOLA': [18, 0], 'MANGO': [19, 0], 'SORBET': [20, 0], 'RASTA': [21, 0], 'PEGASE': [22, 0], 'BALKIS': [23, 0], 'BALI': [24, 0], 'CARA': [25, 0], 'SAMOURAI': [26, 0], 'FLICKA': [27, 0], 'BANZAI': [28, 0], 'KID': [29, 0], 'DIESEL': [30, 0], 'SHAMIRA': [31, 0], 'SINAI': [32, 0], 'ETOILE': [33, 0], 'VASCO': [34, 0], 'DOMINO': [35, 0], 'ESPOIR': [36, 0], 'JAZZY': [37, 0], 'ICHIBAI': [38, 0], 'CHOGUN': [39, 0], 'ALTAI': [40, 0], 'WAR': [41, 0], 'TALIA': [42, 0], 'TANGO': [43, 0], 'ICARE': [44, 0], 'ENZO': [45, 0], 'FGHFG': [46, 0]}
2025-12-03 11:50:00,585 - admin - Ecuria - INFO - Remplissage de la liste des heures
2025-12-03 11:50:01,549 - admin - Ecuria - INFO - Ouverture du fichier Excel : D:/propre/autre/projet/code/ecuria/liste mercredi/liste mercredi 10-12-2025.xlsx
2025-12-03 11:50:09,283 - admin - Ecuria - INFO - Enregistrement des données dans le fichier Excel D:/propre/autre/projet/code/ecuria/liste mercredi/liste mercredi 10-12-2025.xlsx
2025-12-03 11:50:09,291 - admin - Ecuria - DEBUG - plannning.liste_heure {'9H LENA': 2, '10H LENA': 3, '13H30 LENA': 4, '14H LENA': 5, '15H LENA': 6, '15H MANON': 7, '16H LENA': 8, '17H LENA': 9, '17H MANON': 10, '18H LENA': 11, '18H MANON': 12, '19H LENA': 13}
2025-12-03 11:50:09,292 - admin - Ecuria - DEBUG - liste_cheval ['VIOLETTE', 'NEVA', 'BRIOSSO', 'SURPRISE', 'PEPITE', 'PANDA', 'PONPON', 'NUAGE', 'HOUSTON', 'REGLISSE', 'NAVARA', 'P. TONNERRE', 'GRISETTE', 'DANETTE', 'TIC', 'TAC', 'SEGOVIA', 'LITTLE', 'PAOLA', 'MANGO', 'SORBET', 'RASTA', 'PEGASE', 'BALKIS', 'BALI', 'CARA', 'SAMOURAI', 'FLICKA', 'BANZAI', 'KID', 'DIESEL', 'SHAMIRA', 'SINAI', 'ETOILE', 'VASCO', 'DOMINO', 'ESPOIR', 'JAZZY', 'ICHIBAI', 'CHOGUN', 'ALTAI', 'WAR', 'TALIA', 'TANGO', 'ICARE', 'ENZO', 'FGHFG']
2025-12-03 11:50:09,292 - admin - Ecuria - DEBUG - planning_theme {}
2025-12-03 11:50:11,478 - admin - Ecuria - DEBUG - plannning.liste_heure {'9H LENA': 2, '10H LENA': 3, '13H30 LENA': 4, '14H LENA': 5, '15H LENA': 6, '15H MANON': 7, '16H LENA': 8, '17H LENA': 9, '17H MANON': 10, '18H LENA': 11, '18H MANON': 12, '19H LENA': 13}
2025-12-03 11:50:11,511 - admin - Ecuria - INFO - Lecture du fichier cavalier pour le jour Mercredi
2025-12-03 11:50:11,512 - admin - Ecuria - INFO - Écriture du fichier cavalier
2025-12-03 11:50:11,512 - admin - Ecuria - DEBUG - heure_trier ['9H LENA', '10H LENA', '13H30 LENA', '14H LENA', '15H LENA', '15H MANON', '16H LENA', '17H LENA', '17H MANON', '18H LENA', '18H MANON', '19H LENA']
2025-12-03 11:50:13,132 - admin - Ecuria - INFO - Ouverture du fichier Excel : D:/propre/autre/projet/code/ecuria/liste mercredi/liste mercredi 10-12-2025.xlsx
